[:12-18_16-21-01][:00000001] LAUNCH logger log/gs.log
[:12-18_16-21-01][:00000002] LAUNCH snlua bootstrap
[:12-18_16-21-01][:00000002] mkdir err /mnt/snake/log/ Msg: No such file or directory
[:12-18_16-21-01][:00000002] mkdir err /mnt/snake/log/dev_gs10001 Msg: No such file or directory
[:12-18_16-21-01][:00000003] LAUNCH snlua launcher
[:12-18_16-21-01][:00000003] mkdir err /mnt/snake/log/ Msg: No such file or directory
[:12-18_16-21-01][:00000003] mkdir err /mnt/snake/log/dev_gs10001 Msg: No such file or directory
[:12-18_16-21-01][:00000004] LAUNCH snlua cdummy
[:12-18_16-21-01][:00000004] mkdir err /mnt/snake/log/ Msg: No such file or directory
[:12-18_16-21-01][:00000004] mkdir err /mnt/snake/log/dev_gs10001 Msg: No such file or directory
[:12-18_16-21-01][:00000005] LAUNCH harbor 0 4
[:12-18_16-21-01][:00000006] LAUNCH snlua datacenterd
[:12-18_16-21-01][:00000006] mkdir err /mnt/snake/log/ Msg: No such file or directory
[:12-18_16-21-01][:00000006] mkdir err /mnt/snake/log/dev_gs10001 Msg: No such file or directory
[:12-18_16-21-01][:00000007] LAUNCH snlua service_mgr
[:12-18_16-21-01][:00000007] mkdir err /mnt/snake/log/ Msg: No such file or directory
[:12-18_16-21-01][:00000007] mkdir err /mnt/snake/log/dev_gs10001 Msg: No such file or directory
[:12-18_16-21-01][:00000008] LAUNCH snlua gs_launcher
[:12-18_16-21-01][:00000008] mkdir err /mnt/snake/log/ Msg: No such file or directory
[:12-18_16-21-01][:00000008] mkdir err /mnt/snake/log/dev_gs10001 Msg: No such file or directory
[:12-18_16-21-01][:00000008] [INFO] gs start
[:12-18_16-21-01][:00000009] LAUNCH snlua debug_console 7001
[:12-18_16-21-01][:00000009] mkdir err /mnt/snake/log/ Msg: No such file or directory
[:12-18_16-21-01][:00000009] mkdir err /mnt/snake/log/dev_gs10001 Msg: No such file or directory
[:12-18_16-21-01][:00000009] Start debug console at 127.0.0.1 7001
[:12-18_16-21-01][:0000000a] LAUNCH snlua res
[:12-18_16-21-01][:0000000a] mkdir err /mnt/snake/log/ Msg: No such file or directory
[:12-18_16-21-01][:0000000a] mkdir err /mnt/snake/log/dev_gs10001 Msg: No such file or directory
[:12-18_16-21-01][:0000000b] LAUNCH snlua sharedatad
[:12-18_16-21-01][:0000000b] mkdir err /mnt/snake/log/ Msg: No such file or directory
[:12-18_16-21-01][:0000000b] mkdir err /mnt/snake/log/dev_gs10001 Msg: No such file or directory
[:12-18_16-21-02][:0000000b] Memory warning 32.00 M
[:12-18_16-21-03][:0000000a] [INFO] res service booted
[:12-18_16-21-03][:0000000c] LAUNCH snlua rt_monitor
[:12-18_16-21-03][:0000000c] mkdir err /mnt/snake/log/ Msg: No such file or directory
[:12-18_16-21-03][:0000000c] mkdir err /mnt/snake/log/dev_gs10001 Msg: No such file or directory
[:12-18_16-21-03][:0000000c] [INFO] rt_monitor service booted
[:12-18_16-21-03][:0000000d] LAUNCH snlua mem_monitor
[:12-18_16-21-03][:0000000d] mkdir err /mnt/snake/log/ Msg: No such file or directory
[:12-18_16-21-03][:0000000d] mkdir err /mnt/snake/log/dev_gs10001 Msg: No such file or directory
[:12-18_16-21-03][:0000000d] [INFO] mem_monitor service booted
[:12-18_16-21-03][:0000000e] LAUNCH snlua mem_rt_monitor
[:12-18_16-21-03][:0000000e] mkdir err /mnt/snake/log/ Msg: No such file or directory
[:12-18_16-21-03][:0000000e] mkdir err /mnt/snake/log/dev_gs10001 Msg: No such file or directory
[:12-18_16-21-03][:0000000e] [INFO] mem_rt_monitor service booted
[:12-18_16-21-03][:0000000f] LAUNCH snlua dictator
[:12-18_16-21-03][:0000000f] mkdir err /mnt/snake/log/ Msg: No such file or directory
[:12-18_16-21-03][:0000000f] mkdir err /mnt/snake/log/dev_gs10001 Msg: No such file or directory
[:12-18_16-21-03][:0000000f] start dictator at 127.0.0.1 7002
[:12-18_16-21-03][:0000000f] [INFO] dictator service booted
[:12-18_16-21-03][:00000010] LAUNCH snlua router_c
[:12-18_16-21-03][:00000010] mkdir err /mnt/snake/log/ Msg: No such file or directory
[:12-18_16-21-03][:00000010] mkdir err /mnt/snake/log/dev_gs10001 Msg: No such file or directory
[:12-18_16-21-03][:00000010] [INFO] router_c service booted
[:12-18_16-21-03][:00000011] LAUNCH snlua webrouter
[:12-18_16-21-04][:00000011] mkdir err /mnt/snake/log/ Msg: No such file or directory
[:12-18_16-21-04][:00000011] mkdir err /mnt/snake/log/dev_gs10001 Msg: No such file or directory
[:12-18_16-21-04][:00000012] LAUNCH snlua webhandler
[:12-18_16-21-04][:00000012] mkdir err /mnt/snake/log/ Msg: No such file or directory
[:12-18_16-21-04][:00000012] mkdir err /mnt/snake/log/dev_gs10001 Msg: No such file or directory
[:12-18_16-21-04][:00000012] [INFO] webhandler service booted
[:12-18_16-21-04][:00000013] LAUNCH snlua webhandler
[:12-18_16-21-04][:00000013] mkdir err /mnt/snake/log/ Msg: No such file or directory
[:12-18_16-21-04][:00000013] mkdir err /mnt/snake/log/dev_gs10001 Msg: No such file or directory
[:12-18_16-21-04][:00000013] [INFO] webhandler service booted
[:12-18_16-21-04][:00000014] LAUNCH snlua webhandler
[:12-18_16-21-04][:00000014] mkdir err /mnt/snake/log/ Msg: No such file or directory
[:12-18_16-21-04][:00000014] mkdir err /mnt/snake/log/dev_gs10001 Msg: No such file or directory
[:12-18_16-21-04][:00000014] [INFO] webhandler service booted
[:12-18_16-21-04][:00000015] LAUNCH snlua webhandler
[:12-18_16-21-04][:00000015] mkdir err /mnt/snake/log/ Msg: No such file or directory
[:12-18_16-21-04][:00000015] mkdir err /mnt/snake/log/dev_gs10001 Msg: No such file or directory
[:12-18_16-21-04][:00000015] [INFO] webhandler service booted
[:12-18_16-21-04][:00000016] LAUNCH snlua webhandler
[:12-18_16-21-04][:00000016] mkdir err /mnt/snake/log/ Msg: No such file or directory
[:12-18_16-21-04][:00000016] mkdir err /mnt/snake/log/dev_gs10001 Msg: No such file or directory
[:12-18_16-21-04][:00000016] [INFO] webhandler service booted
[:12-18_16-21-04][:00000017] LAUNCH snlua webhandler
[:12-18_16-21-04][:00000017] mkdir err /mnt/snake/log/ Msg: No such file or directory
[:12-18_16-21-04][:00000017] mkdir err /mnt/snake/log/dev_gs10001 Msg: No such file or directory
[:12-18_16-21-04][:00000017] [INFO] webhandler service booted
[:12-18_16-21-04][:00000018] LAUNCH snlua webhandler
[:12-18_16-21-04][:00000018] mkdir err /mnt/snake/log/ Msg: No such file or directory
[:12-18_16-21-04][:00000018] mkdir err /mnt/snake/log/dev_gs10001 Msg: No such file or directory
[:12-18_16-21-04][:00000018] [INFO] webhandler service booted
[:12-18_16-21-04][:00000019] LAUNCH snlua webhandler
[:12-18_16-21-05][:00000019] mkdir err /mnt/snake/log/ Msg: No such file or directory
[:12-18_16-21-05][:00000019] mkdir err /mnt/snake/log/dev_gs10001 Msg: No such file or directory
[:12-18_16-21-05][:00000019] [INFO] webhandler service booted
[:12-18_16-21-05][:0000001a] LAUNCH snlua webhandler
[:12-18_16-21-05][:0000001a] mkdir err /mnt/snake/log/ Msg: No such file or directory
[:12-18_16-21-05][:0000001a] mkdir err /mnt/snake/log/dev_gs10001 Msg: No such file or directory
[:12-18_16-21-05][:0000001a] [INFO] webhandler service booted
[:12-18_16-21-05][:0000001b] LAUNCH snlua webhandler
[:12-18_16-21-05][:0000001b] mkdir err /mnt/snake/log/ Msg: No such file or directory
[:12-18_16-21-05][:0000001b] mkdir err /mnt/snake/log/dev_gs10001 Msg: No such file or directory
[:12-18_16-21-05][:0000001b] [INFO] webhandler service booted
[:12-18_16-21-05][:00000011] [INFO] webrouter listen web port 7003
[:12-18_16-21-05][:00000011] [INFO] webrouter service booted
[:12-18_16-21-05][:0000001c] LAUNCH snlua gamedb 1
[:12-18_16-21-05][:0000001c] mkdir err /mnt/snake/log/ Msg: No such file or directory
[:12-18_16-21-05][:0000001c] mkdir err /mnt/snake/log/dev_gs10001 Msg: No such file or directory
[:12-18_16-21-06][:0000001c] [INFO] gamedb service booted
[:12-18_16-21-06][:0000001d] LAUNCH snlua gamedb 2
[:12-18_16-21-06][:0000001d] mkdir err /mnt/snake/log/ Msg: No such file or directory
[:12-18_16-21-06][:0000001d] mkdir err /mnt/snake/log/dev_gs10001 Msg: No such file or directory
[:12-18_16-21-07][:0000001d] [INFO] gamedb service booted
[:12-18_16-21-07][:0000001e] LAUNCH snlua gamedb 3
[:12-18_16-21-08][:0000001e] mkdir err /mnt/snake/log/ Msg: No such file or directory
[:12-18_16-21-08][:0000001e] mkdir err /mnt/snake/log/dev_gs10001 Msg: No such file or directory
[:12-18_16-21-08][:0000001e] [INFO] gamedb service booted
[:12-18_16-21-08][:0000001f] LAUNCH snlua gamedb 4
[:12-18_16-21-09][:0000001f] mkdir err /mnt/snake/log/ Msg: No such file or directory
[:12-18_16-21-09][:0000001f] mkdir err /mnt/snake/log/dev_gs10001 Msg: No such file or directory
[:12-18_16-21-09][:0000001f] [INFO] gamedb service booted
[:12-18_16-21-09][:00000020] LAUNCH snlua login
[:12-18_16-21-09][:00000020] mkdir err /mnt/snake/log/ Msg: No such file or directory
[:12-18_16-21-09][:00000020] mkdir err /mnt/snake/log/dev_gs10001 Msg: No such file or directory
[:12-18_16-21-09][:00000021] LAUNCH zinc_gate S :00000020 7011 13 10000 -2271245531232191831
[:12-18_16-21-09][:00000022] LAUNCH zinc_gate S :00000020 7012 13 10000 -2271245531232191831
[:12-18_16-21-09][:00000023] LAUNCH zinc_gate S :00000020 27011 13 10000 -2271245531232191831
[:12-18_16-21-10][:00000024] LAUNCH zinc_gate S :00000020 27012 13 10000 -2271245531232191831
[:12-18_16-21-10][:00000025] LAUNCH zinc_gate S :00000020 27013 13 10000 -2271245531232191831
[:12-18_16-21-10][:00000020] [INFO] login service booted
[:12-18_16-21-10][:00000026] LAUNCH snlua logdb
[:12-18_16-21-10][:00000026] mkdir err /mnt/snake/log/ Msg: No such file or directory
[:12-18_16-21-10][:00000026] mkdir err /mnt/snake/log/dev_gs10001 Msg: No such file or directory
[:12-18_16-21-11][:00000026] [INFO] logdb service booted
[:12-18_16-21-11][:00000027] LAUNCH snlua logstatistics
[:12-18_16-21-12][:00000027] mkdir err /mnt/snake/log/ Msg: No such file or directory
[:12-18_16-21-12][:00000027] mkdir err /mnt/snake/log/dev_gs10001 Msg: No such file or directory
[:12-18_16-21-12][:00000027] [INFO] logstatistics service booted
[:12-18_16-21-12][:00000028] LAUNCH snlua broadcast
[:12-18_16-21-12][:00000028] mkdir err /mnt/snake/log/ Msg: No such file or directory
[:12-18_16-21-12][:00000028] mkdir err /mnt/snake/log/dev_gs10001 Msg: No such file or directory
[:12-18_16-21-12][:00000028] [INFO] broadcast service booted
[:12-18_16-21-12][:00000029] LAUNCH snlua clientupdate
[:12-18_16-21-12][:00000029] mkdir err /mnt/snake/log/ Msg: No such file or directory
[:12-18_16-21-12][:00000029] mkdir err /mnt/snake/log/dev_gs10001 Msg: No such file or directory
[:12-18_16-21-12][:00000029] [INFO] clientupdate service booted
[:12-18_16-21-12][:0000002a] LAUNCH snlua logfile
[:12-18_16-21-13][:0000002a] mkdir err /mnt/snake/log/ Msg: No such file or directory
[:12-18_16-21-13][:0000002a] mkdir err /mnt/snake/log/dev_gs10001 Msg: No such file or directory
[:12-18_16-21-13][:0000002a] [INFO] logfile service booted
[:12-18_16-21-13][:0000002b] LAUNCH snlua logmonitor
[:12-18_16-21-13][:0000002b] mkdir err /mnt/snake/log/ Msg: No such file or directory
[:12-18_16-21-13][:0000002b] mkdir err /mnt/snake/log/dev_gs10001 Msg: No such file or directory
[:12-18_16-21-13][:0000002b] [INFO] logmonitor service booted
[:12-18_16-21-13][:0000002c] LAUNCH snlua world
[:12-18_16-21-13][:0000002c] mkdir err /mnt/snake/log/ Msg: No such file or directory
[:12-18_16-21-13][:0000002c] mkdir err /mnt/snake/log/dev_gs10001 Msg: No such file or directory
[:12-18_16-21-15][:0000002c] [INFO] world service booted
[:12-18_16-21-15][:0000002d] LAUNCH snlua testclient
[:12-18_16-21-15][:0000002e] LAUNCH snlua scene
[:12-18_16-21-15][:0000002e] mkdir err /mnt/snake/log/ Msg: No such file or directory
[:12-18_16-21-15][:0000002e] mkdir err /mnt/snake/log/dev_gs10001 Msg: No such file or directory
[:12-18_16-21-16][:0000002d] mkdir err /mnt/snake/log/ Msg: No such file or directory
[:12-18_16-21-16][:0000002d] mkdir err /mnt/snake/log/dev_gs10001 Msg: No such file or directory
[:12-18_16-21-16][:0000002e] [INFO] scene service booted
[:12-18_16-21-16][:0000002f] LAUNCH snlua scene
[:12-18_16-21-16][:0000002d] [INFO] testclient service booted
[:12-18_16-21-16][:00000030] LAUNCH snlua merger
[:12-18_16-21-17][:00000030] mkdir err /mnt/snake/log/ Msg: No such file or directory
[:12-18_16-21-17][:00000030] mkdir err /mnt/snake/log/dev_gs10001 Msg: No such file or directory
[:12-18_16-21-18][:00000030] [INFO] merger service booted
[:12-18_16-21-18][:00000031] LAUNCH snlua chat
[:12-18_16-21-19][:0000002f] mkdir err /mnt/snake/log/ Msg: No such file or directory
[:12-18_16-21-19][:0000002f] mkdir err /mnt/snake/log/dev_gs10001 Msg: No such file or directory
[:12-18_16-21-19][:0000002f] [INFO] scene service booted
[:12-18_16-21-19][:00000032] LAUNCH snlua scene
[:12-18_16-21-21][:00000032] mkdir err /mnt/snake/log/ Msg: No such file or directory
[:12-18_16-21-21][:00000032] mkdir err /mnt/snake/log/dev_gs10001 Msg: No such file or directory
[:12-18_16-21-21][:00000031] mkdir err /mnt/snake/log/ Msg: No such file or directory
[:12-18_16-21-21][:00000031] mkdir err /mnt/snake/log/dev_gs10001 Msg: No such file or directory
[:12-18_16-21-21][:00000032] [INFO] scene service booted
[:12-18_16-21-21][:00000033] LAUNCH snlua scene
[:12-18_16-21-21][:00000031] [INFO] chat service booted
[:12-18_16-21-21][:00000008] [INFO] gs all service booted
[:12-18_16-21-21][:00000008] KILL self
[:12-18_16-21-21][:00000002] KILL self
[:12-18_16-21-21][:00000033] mkdir err /mnt/snake/log/ Msg: No such file or directory
[:12-18_16-21-21][:00000033] mkdir err /mnt/snake/log/dev_gs10001 Msg: No such file or directory
[:12-18_16-21-21][:00000033] [INFO] scene service booted
[:12-18_16-21-21][:00000034] LAUNCH snlua scene
[:12-18_16-21-22][:00000034] mkdir err /mnt/snake/log/ Msg: No such file or directory
[:12-18_16-21-22][:00000034] mkdir err /mnt/snake/log/dev_gs10001 Msg: No such file or directory
[:12-18_16-21-22][:00000034] [INFO] scene service booted
[:12-18_16-21-22][:00000035] LAUNCH snlua scene
[:12-18_16-21-22][:00000035] mkdir err /mnt/snake/log/ Msg: No such file or directory
[:12-18_16-21-22][:00000035] mkdir err /mnt/snake/log/dev_gs10001 Msg: No such file or directory
[:12-18_16-21-22][:00000035] [INFO] scene service booted
[:12-18_16-21-22][:00000036] LAUNCH snlua scene
[:12-18_16-21-22][:00000036] mkdir err /mnt/snake/log/ Msg: No such file or directory
[:12-18_16-21-22][:00000036] mkdir err /mnt/snake/log/dev_gs10001 Msg: No such file or directory
[:12-18_16-21-22][:00000036] [INFO] scene service booted
[:12-18_16-21-22][:00000037] LAUNCH snlua scene
[:12-18_16-21-22][:00000037] mkdir err /mnt/snake/log/ Msg: No such file or directory
[:12-18_16-21-22][:00000037] mkdir err /mnt/snake/log/dev_gs10001 Msg: No such file or directory
[:12-18_16-21-22][:00000037] [INFO] scene service booted
[:12-18_16-21-22][:00000038] LAUNCH snlua scene
[:12-18_16-21-22][:00000038] mkdir err /mnt/snake/log/ Msg: No such file or directory
[:12-18_16-21-22][:00000038] mkdir err /mnt/snake/log/dev_gs10001 Msg: No such file or directory
[:12-18_16-21-22][:00000038] [INFO] scene service booted
[:12-18_16-21-23][:00000039] LAUNCH snlua scene
[:12-18_16-21-23][:00000039] mkdir err /mnt/snake/log/ Msg: No such file or directory
[:12-18_16-21-23][:00000039] mkdir err /mnt/snake/log/dev_gs10001 Msg: No such file or directory
[:12-18_16-21-23][:00000039] [INFO] scene service booted
[:12-18_16-21-23][:0000003a] LAUNCH snlua scene
[:12-18_16-21-23][:0000003a] mkdir err /mnt/snake/log/ Msg: No such file or directory
[:12-18_16-21-23][:0000003a] mkdir err /mnt/snake/log/dev_gs10001 Msg: No such file or directory
[:12-18_16-21-23][:0000003a] [INFO] scene service booted
[:12-18_16-21-23][:0000003b] LAUNCH snlua scene
[:12-18_16-21-23][:0000003b] mkdir err /mnt/snake/log/ Msg: No such file or directory
[:12-18_16-21-23][:0000003b] mkdir err /mnt/snake/log/dev_gs10001 Msg: No such file or directory
[:12-18_16-21-23][:0000003b] [INFO] scene service booted
[:12-18_16-21-23][:0000003c] LAUNCH snlua scene
[:12-18_16-21-23][:0000003c] mkdir err /mnt/snake/log/ Msg: No such file or directory
[:12-18_16-21-23][:0000003c] mkdir err /mnt/snake/log/dev_gs10001 Msg: No such file or directory
[:12-18_16-21-23][:0000003c] [INFO] scene service booted
[:12-18_16-21-23][:0000003d] LAUNCH snlua scene
[:12-18_16-21-23][:0000003d] mkdir err /mnt/snake/log/ Msg: No such file or directory
[:12-18_16-21-23][:0000003d] mkdir err /mnt/snake/log/dev_gs10001 Msg: No such file or directory
[:12-18_16-21-23][:0000003d] [INFO] scene service booted
[:12-18_16-21-23][:0000003e] LAUNCH snlua scene
[:12-18_16-21-23][:0000003e] mkdir err /mnt/snake/log/ Msg: No such file or directory
[:12-18_16-21-23][:0000003e] mkdir err /mnt/snake/log/dev_gs10001 Msg: No such file or directory
[:12-18_16-21-23][:0000003e] [INFO] scene service booted
[:12-18_16-21-23][:0000003f] LAUNCH snlua war
[:12-18_16-21-23][:0000003f] mkdir err /mnt/snake/log/ Msg: No such file or directory
[:12-18_16-21-23][:0000003f] mkdir err /mnt/snake/log/dev_gs10001 Msg: No such file or directory
[:12-18_16-21-23][:0000003f] [INFO] war service booted
[:12-18_16-21-23][:00000040] LAUNCH snlua war
[:12-18_16-21-23][:00000040] mkdir err /mnt/snake/log/ Msg: No such file or directory
[:12-18_16-21-23][:00000040] mkdir err /mnt/snake/log/dev_gs10001 Msg: No such file or directory
[:12-18_16-21-24][:00000040] [INFO] war service booted
[:12-18_16-21-24][:00000042] LAUNCH snlua war
[:12-18_16-21-24][:00000042] mkdir err /mnt/snake/log/ Msg: No such file or directory
[:12-18_16-21-24][:00000042] mkdir err /mnt/snake/log/dev_gs10001 Msg: No such file or directory
[:12-18_16-21-24][:00000042] [INFO] war service booted
[:12-18_16-21-24][:00000048] LAUNCH snlua war
[:12-18_16-21-24][:00000048] mkdir err /mnt/snake/log/ Msg: No such file or directory
[:12-18_16-21-24][:00000048] mkdir err /mnt/snake/log/dev_gs10001 Msg: No such file or directory
[:12-18_16-21-24][:00000048] [INFO] war service booted
[:12-18_16-21-24][:00000049] LAUNCH snlua war
[:12-18_16-21-24][:00000049] mkdir err /mnt/snake/log/ Msg: No such file or directory
[:12-18_16-21-24][:00000049] mkdir err /mnt/snake/log/dev_gs10001 Msg: No such file or directory
[:12-18_16-21-24][:00000049] [INFO] war service booted
[:12-18_16-21-24][:0000004a] LAUNCH snlua war
[:12-18_16-21-24][:0000004a] mkdir err /mnt/snake/log/ Msg: No such file or directory
[:12-18_16-21-24][:0000004a] mkdir err /mnt/snake/log/dev_gs10001 Msg: No such file or directory
[:12-18_16-21-24][:0000004a] [INFO] war service booted
[:12-18_16-21-25][:0000004b] LAUNCH snlua war
[:12-18_16-21-25][:0000004b] mkdir err /mnt/snake/log/ Msg: No such file or directory
[:12-18_16-21-25][:0000004b] mkdir err /mnt/snake/log/dev_gs10001 Msg: No such file or directory
[:12-18_16-21-25][:0000002c] warning: interactive check delay(10 sec) session:1 time:1576657275 addr:.gamedb1 module:common cmd:DbOperate
[:12-18_16-21-25][:0000004b] [INFO] war service booted
[:12-18_16-21-25][:0000004c] LAUNCH snlua war
[:12-18_16-21-25][:0000004c] mkdir err /mnt/snake/log/ Msg: No such file or directory
[:12-18_16-21-25][:0000004c] mkdir err /mnt/snake/log/dev_gs10001 Msg: No such file or directory
[:12-18_16-21-25][:0000004c] [INFO] war service booted
[:12-18_16-21-25][:0000004d] LAUNCH snlua war
[:12-18_16-21-25][:0000004d] mkdir err /mnt/snake/log/ Msg: No such file or directory
[:12-18_16-21-25][:0000004d] mkdir err /mnt/snake/log/dev_gs10001 Msg: No such file or directory
[:12-18_16-21-25][:0000004d] [INFO] war service booted
[:12-18_16-21-25][:0000004e] LAUNCH snlua war
[:12-18_16-21-26][:0000004e] mkdir err /mnt/snake/log/ Msg: No such file or directory
[:12-18_16-21-26][:0000004e] mkdir err /mnt/snake/log/dev_gs10001 Msg: No such file or directory
[:12-18_16-21-26][:0000004e] [INFO] war service booted
[:12-18_16-21-26][:0000004f] LAUNCH snlua war
[:12-18_16-21-26][:0000004f] mkdir err /mnt/snake/log/ Msg: No such file or directory
[:12-18_16-21-26][:0000004f] mkdir err /mnt/snake/log/dev_gs10001 Msg: No such file or directory
[:12-18_16-21-26][:0000004f] [INFO] war service booted
[:12-18_16-21-26][:00000050] LAUNCH snlua war
[:12-18_16-21-26][:00000050] mkdir err /mnt/snake/log/ Msg: No such file or directory
[:12-18_16-21-26][:00000050] mkdir err /mnt/snake/log/dev_gs10001 Msg: No such file or directory
[:12-18_16-21-26][:00000050] [INFO] war service booted
[:12-18_16-21-26][:00000051] LAUNCH snlua war
[:12-18_16-21-26][:00000051] mkdir err /mnt/snake/log/ Msg: No such file or directory
[:12-18_16-21-26][:00000051] mkdir err /mnt/snake/log/dev_gs10001 Msg: No such file or directory
[:12-18_16-21-26][:00000051] [INFO] war service booted
[:12-18_16-21-26][:00000052] LAUNCH snlua war
[:12-18_16-21-27][:00000052] mkdir err /mnt/snake/log/ Msg: No such file or directory
[:12-18_16-21-27][:00000052] mkdir err /mnt/snake/log/dev_gs10001 Msg: No such file or directory
[:12-18_16-21-27][:0000002c] warning: interactive check delay(12 sec) session:1 time:1576657275 addr:.gamedb1 module:common cmd:DbOperate
[:12-18_16-21-27][:00000052] [INFO] war service booted
[:12-18_16-21-27][:00000053] LAUNCH snlua war
[:12-18_16-21-27][:00000053] mkdir err /mnt/snake/log/ Msg: No such file or directory
[:12-18_16-21-27][:00000053] mkdir err /mnt/snake/log/dev_gs10001 Msg: No such file or directory
[:12-18_16-21-27][:00000053] [INFO] war service booted
[:12-18_16-21-27][:00000054] LAUNCH snlua player_send_proxy 1
[:12-18_16-21-27][:00000054] mkdir err /mnt/snake/log/ Msg: No such file or directory
[:12-18_16-21-27][:00000054] mkdir err /mnt/snake/log/dev_gs10001 Msg: No such file or directory
[:12-18_16-21-27][:00000054] [INFO] player_send_proxy service booted
[:12-18_16-21-27][:00000055] LAUNCH snlua player_send_proxy 2
[:12-18_16-21-27][:00000055] mkdir err /mnt/snake/log/ Msg: No such file or directory
[:12-18_16-21-27][:00000055] mkdir err /mnt/snake/log/dev_gs10001 Msg: No such file or directory
[:12-18_16-21-27][:00000055] [INFO] player_send_proxy service booted
[:12-18_16-21-27][:00000056] LAUNCH snlua player_send_proxy 3
[:12-18_16-21-27][:00000056] mkdir err /mnt/snake/log/ Msg: No such file or directory
[:12-18_16-21-27][:00000056] mkdir err /mnt/snake/log/dev_gs10001 Msg: No such file or directory
[:12-18_16-21-27][:00000056] [INFO] player_send_proxy service booted
[:12-18_16-21-27][:00000057] LAUNCH snlua player_send_proxy 4
[:12-18_16-21-28][:00000057] mkdir err /mnt/snake/log/ Msg: No such file or directory
[:12-18_16-21-28][:00000057] mkdir err /mnt/snake/log/dev_gs10001 Msg: No such file or directory
[:12-18_16-21-28][:00000057] [INFO] player_send_proxy service booted
[:12-18_16-21-28][:00000058] LAUNCH snlua player_send_proxy 5
[:12-18_16-21-28][:00000058] mkdir err /mnt/snake/log/ Msg: No such file or directory
[:12-18_16-21-28][:00000058] mkdir err /mnt/snake/log/dev_gs10001 Msg: No such file or directory
[:12-18_16-21-28][:00000058] [INFO] player_send_proxy service booted
[:12-18_16-21-28][:00000059] LAUNCH snlua player_send_proxy 6
[:12-18_16-21-28][:00000059] mkdir err /mnt/snake/log/ Msg: No such file or directory
[:12-18_16-21-28][:00000059] mkdir err /mnt/snake/log/dev_gs10001 Msg: No such file or directory
[:12-18_16-21-28][:00000059] [INFO] player_send_proxy service booted
[:12-18_16-21-28][:0000005a] LAUNCH snlua player_send_proxy 7
[:12-18_16-21-29][:0000002c] warning: interactive check delay(14 sec) session:1 time:1576657275 addr:.gamedb1 module:common cmd:DbOperate
[:12-18_16-21-29][:0000005a] mkdir err /mnt/snake/log/ Msg: No such file or directory
[:12-18_16-21-29][:0000005a] mkdir err /mnt/snake/log/dev_gs10001 Msg: No such file or directory
[:12-18_16-21-29][:0000005a] [INFO] player_send_proxy service booted
[:12-18_16-21-29][:0000005b] LAUNCH snlua player_send_proxy 8
[:12-18_16-21-30][:0000005b] mkdir err /mnt/snake/log/ Msg: No such file or directory
[:12-18_16-21-30][:0000005b] mkdir err /mnt/snake/log/dev_gs10001 Msg: No such file or directory
[:12-18_16-21-30][:0000005b] [INFO] player_send_proxy service booted
[:12-18_16-21-30][:0000005c] LAUNCH snlua player_send_proxy 9
[:12-18_16-21-30][:0000005c] mkdir err /mnt/snake/log/ Msg: No such file or directory
[:12-18_16-21-30][:0000005c] mkdir err /mnt/snake/log/dev_gs10001 Msg: No such file or directory
[:12-18_16-21-30][:0000005c] [INFO] player_send_proxy service booted
[:12-18_16-21-30][:0000005d] LAUNCH snlua player_send_proxy 10
[:12-18_16-21-30][:0000005d] mkdir err /mnt/snake/log/ Msg: No such file or directory
[:12-18_16-21-30][:0000005d] mkdir err /mnt/snake/log/dev_gs10001 Msg: No such file or directory
[:12-18_16-21-30][:0000005d] [INFO] player_send_proxy service booted
[:12-18_16-21-30][:0000005e] LAUNCH snlua autoteam
[:12-18_16-21-30][:0000005e] mkdir err /mnt/snake/log/ Msg: No such file or directory
[:12-18_16-21-30][:0000005e] mkdir err /mnt/snake/log/dev_gs10001 Msg: No such file or directory
[:12-18_16-21-30][:0000005e] [INFO] autoteam service booted
[:12-18_16-21-30][:0000005f] LAUNCH snlua recommend
[:12-18_16-21-30][:0000005f] mkdir err /mnt/snake/log/ Msg: No such file or directory
[:12-18_16-21-30][:0000005f] mkdir err /mnt/snake/log/dev_gs10001 Msg: No such file or directory
[:12-18_16-21-30][:0000005f] [INFO] recommend service booted
[:12-18_16-21-30][:00000060] LAUNCH snlua rank
[:12-18_16-21-31][:00000060] mkdir err /mnt/snake/log/ Msg: No such file or directory
[:12-18_16-21-31][:00000060] mkdir err /mnt/snake/log/dev_gs10001 Msg: No such file or directory
[:12-18_16-21-31][:0000002c] warning: interactive check delay(16 sec) session:1 time:1576657275 addr:.gamedb1 module:common cmd:DbOperate
[:12-18_16-21-31][:00000060] [INFO] rank service booted
[:12-18_16-21-31][:00000061] LAUNCH snlua version
[:12-18_16-21-31][:00000061] mkdir err /mnt/snake/log/ Msg: No such file or directory
[:12-18_16-21-31][:00000061] mkdir err /mnt/snake/log/dev_gs10001 Msg: No such file or directory
[:12-18_16-21-31][:00000061] [INFO] version service booted
[:12-18_16-21-32][:00000062] LAUNCH snlua net_recv_proxy 44 handlenrp
[:12-18_16-21-33][:0000002c] warning: interactive check delay(18 sec) session:1 time:1576657275 addr:.gamedb1 module:common cmd:DbOperate
[:12-18_16-21-34][:00000062] mkdir err /mnt/snake/log/ Msg: No such file or directory
[:12-18_16-21-34][:00000062] mkdir err /mnt/snake/log/dev_gs10001 Msg: No such file or directory
[:12-18_16-21-34][:00000062] [INFO] net_recv_proxy service booted
[:12-18_16-21-34][:00000020] gate SetOpenStatus: 3
[:12-18_16-24-39][:0000002c] {['mOrders']={['product_amount']=1,['amount']=100,['orderid']=0,['product_key']="com.cilu.dhxx.gold_648"},['iPid']=10103}
[:12-18_16-26-50][:0000002c] table: 0x7f4b4c594100
