d:\decisive\server\server\lua-5.1.4\lua\debug\vc120.pdb
d:\decisive\server\server\lua-5.1.4\lua\debug\vc120.idb
d:\decisive\server\server\lua-5.1.4\lua\debug\lobject.obj
d:\decisive\server\server\lua-5.1.4\lua\debug\lopcodes.obj
d:\decisive\server\server\lua-5.1.4\lua\debug\lparser.obj
d:\decisive\server\server\lua-5.1.4\lua\debug\lstate.obj
d:\decisive\server\server\lua-5.1.4\lua\debug\lstring.obj
d:\decisive\server\server\lua-5.1.4\lua\debug\ltable.obj
d:\decisive\server\server\lua-5.1.4\lua\debug\ltm.obj
d:\decisive\server\server\lua-5.1.4\lua\debug\lundump.obj
d:\decisive\server\server\lua-5.1.4\lua\debug\lvm.obj
d:\decisive\server\server\lua-5.1.4\lua\debug\lzio.obj
d:\decisive\server\server\lua-5.1.4\lua\debug\lauxlib.obj
d:\decisive\server\server\lua-5.1.4\lua\debug\lbaselib.obj
d:\decisive\server\server\lua-5.1.4\lua\debug\ldblib.obj
d:\decisive\server\server\lua-5.1.4\lua\debug\linit.obj
d:\decisive\server\server\lua-5.1.4\lua\debug\liolib.obj
d:\decisive\server\server\lua-5.1.4\lua\debug\lmathlib.obj
d:\decisive\server\server\lua-5.1.4\lua\debug\loadlib.obj
d:\decisive\server\server\lua-5.1.4\lua\debug\loslib.obj
d:\decisive\server\server\lua-5.1.4\lua\debug\lstrlib.obj
d:\decisive\server\server\lua-5.1.4\lua\debug\ltablib.obj
d:\decisive\server\server\lua-5.1.4\lua\debug\lapi.obj
d:\decisive\server\server\lua-5.1.4\lua\debug\lcode.obj
d:\decisive\server\server\lua-5.1.4\lua\debug\ldebug.obj
d:\decisive\server\server\lua-5.1.4\lua\debug\ldo.obj
d:\decisive\server\server\lua-5.1.4\lua\debug\ldump.obj
d:\decisive\server\server\lua-5.1.4\lua\debug\lfunc.obj
d:\decisive\server\server\lua-5.1.4\lua\debug\lgc.obj
d:\decisive\server\server\lua-5.1.4\lua\debug\llex.obj
d:\decisive\server\server\lua-5.1.4\lua\debug\lmem.obj
d:\qqzww\descivie_temp\server\server\lua-5.1.4\lua\debug\vc120.pdb
d:\qqzww\descivie_temp\server\server\lua-5.1.4\lua\debug\vc120.idb
d:\qqzww\descivie_temp\server\server\lua-5.1.4\lua\debug\lobject.obj
d:\qqzww\descivie_temp\server\server\lua-5.1.4\lua\debug\lopcodes.obj
d:\qqzww\descivie_temp\server\server\lua-5.1.4\lua\debug\lparser.obj
d:\qqzww\descivie_temp\server\server\lua-5.1.4\lua\debug\lstate.obj
d:\qqzww\descivie_temp\server\server\lua-5.1.4\lua\debug\lstring.obj
d:\qqzww\descivie_temp\server\server\lua-5.1.4\lua\debug\ltable.obj
d:\qqzww\descivie_temp\server\server\lua-5.1.4\lua\debug\ltm.obj
d:\qqzww\descivie_temp\server\server\lua-5.1.4\lua\debug\lundump.obj
d:\qqzww\descivie_temp\server\server\lua-5.1.4\lua\debug\lvm.obj
d:\qqzww\descivie_temp\server\server\lua-5.1.4\lua\debug\lzio.obj
d:\qqzww\descivie_temp\server\server\lua-5.1.4\lua\debug\lauxlib.obj
d:\qqzww\descivie_temp\server\server\lua-5.1.4\lua\debug\lbaselib.obj
d:\qqzww\descivie_temp\server\server\lua-5.1.4\lua\debug\ldblib.obj
d:\qqzww\descivie_temp\server\server\lua-5.1.4\lua\debug\linit.obj
d:\qqzww\descivie_temp\server\server\lua-5.1.4\lua\debug\liolib.obj
d:\qqzww\descivie_temp\server\server\lua-5.1.4\lua\debug\lmathlib.obj
d:\qqzww\descivie_temp\server\server\lua-5.1.4\lua\debug\loadlib.obj
d:\qqzww\descivie_temp\server\server\lua-5.1.4\lua\debug\loslib.obj
d:\qqzww\descivie_temp\server\server\lua-5.1.4\lua\debug\lstrlib.obj
d:\qqzww\descivie_temp\server\server\lua-5.1.4\lua\debug\ltablib.obj
d:\qqzww\descivie_temp\server\server\lua-5.1.4\lua\debug\lapi.obj
d:\qqzww\descivie_temp\server\server\lua-5.1.4\lua\debug\lcode.obj
d:\qqzww\descivie_temp\server\server\lua-5.1.4\lua\debug\ldebug.obj
d:\qqzww\descivie_temp\server\server\lua-5.1.4\lua\debug\ldo.obj
d:\qqzww\descivie_temp\server\server\lua-5.1.4\lua\debug\ldump.obj
d:\qqzww\descivie_temp\server\server\lua-5.1.4\lua\debug\lfunc.obj
d:\qqzww\descivie_temp\server\server\lua-5.1.4\lua\debug\lgc.obj
d:\qqzww\descivie_temp\server\server\lua-5.1.4\lua\debug\llex.obj
d:\qqzww\descivie_temp\server\server\lua-5.1.4\lua\debug\lmem.obj
d:\decisive\server\server\lua-5.1.4\lua\debug\lua.lib
d:\qqzww\descivie_temp\server\server\lua-5.1.4\lua\debug\lua.lib
d:\qqzww\descivie_temp\server\server\lua-5.1.4\lua\debug\lua.tlog\cl.command.1.tlog
d:\qqzww\descivie_temp\server\server\lua-5.1.4\lua\debug\lua.tlog\cl.read.1.tlog
d:\qqzww\descivie_temp\server\server\lua-5.1.4\lua\debug\lua.tlog\cl.write.1.tlog
d:\qqzww\descivie_temp\server\server\lua-5.1.4\lua\debug\lua.tlog\lib-link.read.1.tlog
d:\qqzww\descivie_temp\server\server\lua-5.1.4\lua\debug\lua.tlog\lib-link.write.1.tlog
d:\qqzww\descivie_temp\server\server\lua-5.1.4\lua\debug\lua.tlog\lib.command.1.tlog
