d:\decisive\server\server\gameserver\debug\gameserver.pch
d:\decisive\server\server\gameserver\debug\vc120.pdb
d:\decisive\server\server\gameserver\debug\vc120.idb
d:\decisive\server\server\gameserver\debug\stdafx.obj
d:\decisive\server\server\gameserver\debug\cliacceptor.obj
d:\decisive\server\server\gameserver\debug\clinetsession.obj
d:\decisive\server\server\gameserver\debug\contentacceptor.obj
d:\decisive\server\server\gameserver\debug\dbmanager.obj
d:\decisive\server\server\gameserver\debug\gameserver.obj
d:\decisive\server\server\gameserver\debug\gameserverapp.obj
d:\decisive\server\server\gameserver\debug\gmplatform.obj
d:\decisive\server\server\gameserver\debug\kuafumanager.obj
d:\decisive\server\server\gameserver\debug\kuafuservice.obj
d:\decisive\server\server\gameserver\debug\ocentermanager.obj
d:\decisive\server\server\gameserver\debug\sessionmanager.obj
d:\decisive\server\server\gameserver\debug\miniz.obj
d:\decisive\server\server\gameserver\debug\sexy_db_mysql.obj
d:\qqzww\descivie_temp\server\server\gameserver\debug\gameserver.pch
d:\qqzww\descivie_temp\server\server\gameserver\debug\vc120.pdb
d:\qqzww\descivie_temp\server\server\gameserver\debug\vc120.idb
d:\qqzww\descivie_temp\server\server\gameserver\debug\stdafx.obj
d:\qqzww\descivie_temp\server\server\gameserver\debug\cliacceptor.obj
d:\qqzww\descivie_temp\server\server\gameserver\debug\clinetsession.obj
d:\qqzww\descivie_temp\server\server\gameserver\debug\contentacceptor.obj
d:\qqzww\descivie_temp\server\server\gameserver\debug\dbmanager.obj
d:\qqzww\descivie_temp\server\server\gameserver\debug\gameserver.obj
d:\qqzww\descivie_temp\server\server\gameserver\debug\gameserverapp.obj
d:\qqzww\descivie_temp\server\server\gameserver\debug\gmplatform.obj
d:\qqzww\descivie_temp\server\server\gameserver\debug\kuafumanager.obj
d:\qqzww\descivie_temp\server\server\gameserver\debug\kuafuservice.obj
d:\qqzww\descivie_temp\server\server\gameserver\debug\ocentermanager.obj
d:\qqzww\descivie_temp\server\server\gameserver\debug\sessionmanager.obj
d:\qqzww\descivie_temp\server\server\gameserver\debug\miniz.obj
d:\qqzww\descivie_temp\server\server\gameserver\debug\sexy_db_mysql.obj
d:\decisive\server\server\gameserver\debug\gameserver.ilk
d:\decisive\server\server\gameserver\debug\gameserver.exe
d:\decisive\server\server\gameserver\debug\gameserver.exe.intermediate.manifest
d:\decisive\server\server\gameserver\debug\gameserver.pdb
d:\qqzww\descivie_temp\server\server\gameserver\debug\gameserver.ilk
d:\qqzww\descivie_temp\server\server\gameserver\debug\gameserver.exe
d:\qqzww\descivie_temp\server\server\gameserver\debug\gameserver.exe.intermediate.manifest
d:\qqzww\descivie_temp\server\server\gameserver\debug\gameserver.pdb
d:\decisive\server\server\gameserver\debug\gameserver.exe.manifest
d:\qqzww\descivie_temp\server\server\gameserver\debug\gameserver.exe.manifest
d:\qqzww\descivie_temp\server\server\gameserver\debug\gameserver.tlog\cl.command.1.tlog
d:\qqzww\descivie_temp\server\server\gameserver\debug\gameserver.tlog\cl.read.1.tlog
d:\qqzww\descivie_temp\server\server\gameserver\debug\gameserver.tlog\cl.write.1.tlog
d:\qqzww\descivie_temp\server\server\gameserver\debug\gameserver.tlog\link.command.1.tlog
d:\qqzww\descivie_temp\server\server\gameserver\debug\gameserver.tlog\link.read.1.tlog
d:\qqzww\descivie_temp\server\server\gameserver\debug\gameserver.tlog\link.write.1.tlog
d:\qqzww\descivie_temp\server\server\gameserver\debug\gameserver.tlog\mt.command.1.tlog
d:\qqzww\descivie_temp\server\server\gameserver\debug\gameserver.tlog\mt.read.1.tlog
d:\qqzww\descivie_temp\server\server\gameserver\debug\gameserver.tlog\mt.write.1.tlog
