d:\decisive\server\server\lzma\debug\vc120.pdb
d:\decisive\server\server\lzma\debug\vc120.idb
d:\decisive\server\server\lzma\debug\7zcrc.obj
d:\decisive\server\server\lzma\debug\7zfile.obj
d:\decisive\server\server\lzma\debug\7zstream.obj
d:\decisive\server\server\lzma\debug\alloc.obj
d:\decisive\server\server\lzma\debug\7zalloc.obj
d:\decisive\server\server\lzma\debug\7zdecode.obj
d:\decisive\server\server\lzma\debug\7zextract.obj
d:\decisive\server\server\lzma\debug\7zheader.obj
d:\decisive\server\server\lzma\debug\7zin.obj
d:\decisive\server\server\lzma\debug\7zitem.obj
d:\decisive\server\server\lzma\debug\bcj2.obj
d:\decisive\server\server\lzma\debug\bra.obj
d:\decisive\server\server\lzma\debug\bra86.obj
d:\decisive\server\server\lzma\debug\braia64.obj
d:\decisive\server\server\lzma\debug\lzfind.obj
d:\decisive\server\server\lzma\debug\lzfindmt.obj
d:\decisive\server\server\lzma\debug\lzmadec.obj
d:\decisive\server\server\lzma\debug\lzmaenc.obj
d:\decisive\server\server\lzma\debug\lzmalib.obj
d:\decisive\server\server\lzma\debug\threads.obj
d:\decisive\server\server\lzma\debug\7zbuf.obj
d:\decisive\server\server\lzma\debug\7zbuf2.obj
d:\qqzww\descivie_temp\server\server\lzma\debug\vc120.pdb
d:\qqzww\descivie_temp\server\server\lzma\debug\vc120.idb
d:\qqzww\descivie_temp\server\server\lzma\debug\7zcrc.obj
d:\qqzww\descivie_temp\server\server\lzma\debug\7zfile.obj
d:\qqzww\descivie_temp\server\server\lzma\debug\7zstream.obj
d:\qqzww\descivie_temp\server\server\lzma\debug\alloc.obj
d:\qqzww\descivie_temp\server\server\lzma\debug\7zalloc.obj
d:\qqzww\descivie_temp\server\server\lzma\debug\7zdecode.obj
d:\qqzww\descivie_temp\server\server\lzma\debug\7zextract.obj
d:\qqzww\descivie_temp\server\server\lzma\debug\7zheader.obj
d:\qqzww\descivie_temp\server\server\lzma\debug\7zin.obj
d:\qqzww\descivie_temp\server\server\lzma\debug\7zitem.obj
d:\qqzww\descivie_temp\server\server\lzma\debug\bcj2.obj
d:\qqzww\descivie_temp\server\server\lzma\debug\bra.obj
d:\qqzww\descivie_temp\server\server\lzma\debug\bra86.obj
d:\qqzww\descivie_temp\server\server\lzma\debug\braia64.obj
d:\qqzww\descivie_temp\server\server\lzma\debug\lzfind.obj
d:\qqzww\descivie_temp\server\server\lzma\debug\lzfindmt.obj
d:\qqzww\descivie_temp\server\server\lzma\debug\lzmadec.obj
d:\qqzww\descivie_temp\server\server\lzma\debug\lzmaenc.obj
d:\qqzww\descivie_temp\server\server\lzma\debug\lzmalib.obj
d:\qqzww\descivie_temp\server\server\lzma\debug\threads.obj
d:\qqzww\descivie_temp\server\server\lzma\debug\7zbuf.obj
d:\qqzww\descivie_temp\server\server\lzma\debug\7zbuf2.obj
d:\decisive\server\server\lzma\debug\lzma.lib
d:\qqzww\descivie_temp\server\server\lzma\debug\lzma.lib
d:\qqzww\descivie_temp\server\server\lzma\debug\lzma.tlog\cl.command.1.tlog
d:\qqzww\descivie_temp\server\server\lzma\debug\lzma.tlog\cl.read.1.tlog
d:\qqzww\descivie_temp\server\server\lzma\debug\lzma.tlog\cl.write.1.tlog
d:\qqzww\descivie_temp\server\server\lzma\debug\lzma.tlog\lib-link.read.1.tlog
d:\qqzww\descivie_temp\server\server\lzma\debug\lzma.tlog\lib-link.write.1.tlog
d:\qqzww\descivie_temp\server\server\lzma\debug\lzma.tlog\lib.command.1.tlog
