d:\decisive\server\server\gameserverlib\debug\gameserverlib.pch
d:\decisive\server\server\gameserverlib\debug\vc120.pdb
d:\decisive\server\server\gameserverlib\debug\vc120.idb
d:\decisive\server\server\gameserverlib\debug\stdafx.obj
d:\decisive\server\server\gameserverlib\debug\fpconv.obj
d:\decisive\server\server\gameserverlib\debug\lua_cjson.obj
d:\decisive\server\server\gameserverlib\debug\strbuf.obj
d:\decisive\server\server\gameserverlib\debug\adler32.obj
d:\decisive\server\server\gameserverlib\debug\compress.obj
d:\decisive\server\server\gameserverlib\debug\crc32.obj
d:\decisive\server\server\gameserverlib\debug\deflate.obj
d:\decisive\server\server\gameserverlib\debug\gzclose.obj
d:\decisive\server\server\gameserverlib\debug\gzlib.obj
d:\decisive\server\server\gameserverlib\debug\gzread.obj
d:\decisive\server\server\gameserverlib\debug\gzwrite.obj
d:\decisive\server\server\gameserverlib\debug\infback.obj
d:\decisive\server\server\gameserverlib\debug\inffast.obj
d:\decisive\server\server\gameserverlib\debug\inflate.obj
d:\decisive\server\server\gameserverlib\debug\inftrees.obj
d:\decisive\server\server\gameserverlib\debug\trees.obj
d:\decisive\server\server\gameserverlib\debug\uncompr.obj
d:\decisive\server\server\gameserverlib\debug\zutil.obj
d:\decisive\server\server\gameserverlib\debug\scriptluaguildbind.obj
d:\decisive\server\server\gameserverlib\debug\scriptluaitembind.obj
d:\decisive\server\server\gameserverlib\debug\scriptluamapbind.obj
d:\decisive\server\server\gameserverlib\debug\scriptluamonsterbind.obj
d:\decisive\server\server\gameserverlib\debug\scriptluanpcbind.obj
d:\decisive\server\server\gameserverlib\debug\scriptluaplayerbind.obj
d:\decisive\server\server\gameserverlib\debug\scriptluaslavebind.obj
d:\decisive\server\server\gameserverlib\debug\subachieve.obj
d:\decisive\server\server\gameserverlib\debug\subaction.obj
d:\decisive\server\server\gameserverlib\debug\subfriend.obj
d:\decisive\server\server\gameserverlib\debug\subgift.obj
d:\decisive\server\server\gameserverlib\debug\subitem.obj
d:\decisive\server\server\gameserverlib\debug\submail.obj
d:\decisive\server\server\gameserverlib\debug\subskill.obj
d:\decisive\server\server\gameserverlib\debug\substatus.obj
d:\decisive\server\server\gameserverlib\debug\subtask.obj
d:\decisive\server\server\gameserverlib\debug\timerfix.obj
d:\decisive\server\server\gameserverlib\debug\timerframe.obj
d:\decisive\server\server\gameserverlib\debug\timersecond.obj
d:\decisive\server\server\gameserverlib\debug\utilstring.obj
d:\decisive\server\server\gameserverlib\debug\playaiobject.obj
d:\decisive\server\server\gameserverlib\debug\playmap.obj
d:\decisive\server\server\gameserverlib\debug\playmapitem.obj
d:\decisive\server\server\gameserverlib\debug\playmapobject.obj
d:\decisive\server\server\gameserverlib\debug\playmaptrap.obj
d:\decisive\server\server\gameserverlib\debug\playmonster.obj
d:\decisive\server\server\gameserverlib\debug\playmonsterbossnomove.obj
d:\decisive\server\server\gameserverlib\debug\playmonstercaller.obj
d:\decisive\server\server\gameserverlib\debug\playmonsterdummy.obj
d:\decisive\server\server\gameserverlib\debug\playmonsterexplode.obj
d:\decisive\server\server\gameserverlib\debug\playmonsterhelper.obj
d:\decisive\server\server\gameserverlib\debug\playmonsternomove.obj
d:\decisive\server\server\gameserverlib\debug\playmonsterpuppet.obj
d:\decisive\server\server\gameserverlib\debug\playmonsterremote.obj
d:\decisive\server\server\gameserverlib\debug\playmonsterremotenomove.obj
d:\decisive\server\server\gameserverlib\debug\playneutral.obj
d:\decisive\server\server\gameserverlib\debug\playneutralram.obj
d:\decisive\server\server\gameserverlib\debug\playnpc.obj
d:\decisive\server\server\gameserverlib\debug\playslave.obj
d:\decisive\server\server\gameserverlib\debug\scriptlua.obj
d:\decisive\server\server\gameserverlib\debug\managerfilter.obj
d:\decisive\server\server\gameserverlib\debug\managerfly.obj
d:\decisive\server\server\gameserverlib\debug\managergroup.obj
d:\decisive\server\server\gameserverlib\debug\managerguild.obj
d:\decisive\server\server\gameserverlib\debug\manageritemdef.obj
d:\decisive\server\server\gameserverlib\debug\managerlevelinfo.obj
d:\decisive\server\server\gameserverlib\debug\managermail.obj
d:\decisive\server\server\gameserverlib\debug\managermap.obj
d:\decisive\server\server\gameserverlib\debug\managermondef.obj
d:\decisive\server\server\gameserverlib\debug\managermonster.obj
d:\decisive\server\server\gameserverlib\debug\managernotice.obj
d:\decisive\server\server\gameserverlib\debug\managerobjfuncs.obj
d:\decisive\server\server\gameserverlib\debug\managerrelationcache.obj
d:\decisive\server\server\gameserverlib\debug\managerskilldef.obj
d:\decisive\server\server\gameserverlib\debug\managerstatus.obj
d:\decisive\server\server\gameserverlib\debug\managersworddef.obj
d:\decisive\server\server\gameserverlib\debug\managertask.obj
d:\decisive\server\server\gameserverlib\debug\managertotalattr.obj
d:\decisive\server\server\gameserverlib\debug\managertrapdef.obj
d:\decisive\server\server\gameserverlib\debug\playactiveobject.obj
d:\decisive\server\server\gameserverlib\debug\constsstring.obj
d:\decisive\server\server\gameserverlib\debug\couplecouple.obj
d:\decisive\server\server\gameserverlib\debug\domaincouple.obj
d:\decisive\server\server\gameserverlib\debug\domaindata.obj
d:\decisive\server\server\gameserverlib\debug\domaingroup.obj
d:\decisive\server\server\gameserverlib\debug\domainguild.obj
d:\decisive\server\server\gameserverlib\debug\domainplay.obj
d:\decisive\server\server\gameserverlib\debug\gameserverlib.obj
d:\decisive\server\server\gameserverlib\debug\gamesession.obj
d:\decisive\server\server\gameserverlib\debug\gmcommand.obj
d:\decisive\server\server\gameserverlib\debug\groupgroup.obj
d:\decisive\server\server\gameserverlib\debug\guildguild.obj
d:\decisive\server\server\gameserverlib\debug\managerautorun.obj
d:\decisive\server\server\gameserverlib\debug\managerchargedart.obj
d:\decisive\server\server\gameserverlib\debug\managerchart.obj
d:\decisive\server\server\gameserverlib\debug\managerconsignment.obj
d:\decisive\server\server\gameserverlib\debug\managercouple.obj
d:\decisive\server\server\gameserverlib\debug\managerdeny.obj
d:\decisive\server\server\gameserverlib\debug\managerdenysell.obj
d:\qqzww\descivie_temp\server\server\gameserverlib\debug\gameserverlib.pch
d:\qqzww\descivie_temp\server\server\gameserverlib\debug\vc120.pdb
d:\qqzww\descivie_temp\server\server\gameserverlib\debug\vc120.idb
d:\qqzww\descivie_temp\server\server\gameserverlib\debug\stdafx.obj
d:\qqzww\descivie_temp\server\server\gameserverlib\debug\fpconv.obj
d:\qqzww\descivie_temp\server\server\gameserverlib\debug\lua_cjson.obj
d:\qqzww\descivie_temp\server\server\gameserverlib\debug\strbuf.obj
d:\qqzww\descivie_temp\server\server\gameserverlib\debug\adler32.obj
d:\qqzww\descivie_temp\server\server\gameserverlib\debug\compress.obj
d:\qqzww\descivie_temp\server\server\gameserverlib\debug\crc32.obj
d:\qqzww\descivie_temp\server\server\gameserverlib\debug\deflate.obj
d:\qqzww\descivie_temp\server\server\gameserverlib\debug\gzclose.obj
d:\qqzww\descivie_temp\server\server\gameserverlib\debug\gzlib.obj
d:\qqzww\descivie_temp\server\server\gameserverlib\debug\gzread.obj
d:\qqzww\descivie_temp\server\server\gameserverlib\debug\gzwrite.obj
d:\qqzww\descivie_temp\server\server\gameserverlib\debug\infback.obj
d:\qqzww\descivie_temp\server\server\gameserverlib\debug\inffast.obj
d:\qqzww\descivie_temp\server\server\gameserverlib\debug\inflate.obj
d:\qqzww\descivie_temp\server\server\gameserverlib\debug\inftrees.obj
d:\qqzww\descivie_temp\server\server\gameserverlib\debug\trees.obj
d:\qqzww\descivie_temp\server\server\gameserverlib\debug\uncompr.obj
d:\qqzww\descivie_temp\server\server\gameserverlib\debug\zutil.obj
d:\qqzww\descivie_temp\server\server\gameserverlib\debug\scriptluaguildbind.obj
d:\qqzww\descivie_temp\server\server\gameserverlib\debug\scriptluaitembind.obj
d:\qqzww\descivie_temp\server\server\gameserverlib\debug\scriptluamapbind.obj
d:\qqzww\descivie_temp\server\server\gameserverlib\debug\scriptluamonsterbind.obj
d:\qqzww\descivie_temp\server\server\gameserverlib\debug\scriptluanpcbind.obj
d:\qqzww\descivie_temp\server\server\gameserverlib\debug\scriptluaplayerbind.obj
d:\qqzww\descivie_temp\server\server\gameserverlib\debug\scriptluaslavebind.obj
d:\qqzww\descivie_temp\server\server\gameserverlib\debug\subachieve.obj
d:\qqzww\descivie_temp\server\server\gameserverlib\debug\subaction.obj
d:\qqzww\descivie_temp\server\server\gameserverlib\debug\subfriend.obj
d:\qqzww\descivie_temp\server\server\gameserverlib\debug\subgift.obj
d:\qqzww\descivie_temp\server\server\gameserverlib\debug\subitem.obj
d:\qqzww\descivie_temp\server\server\gameserverlib\debug\submail.obj
d:\qqzww\descivie_temp\server\server\gameserverlib\debug\subskill.obj
d:\qqzww\descivie_temp\server\server\gameserverlib\debug\substatus.obj
d:\qqzww\descivie_temp\server\server\gameserverlib\debug\subtask.obj
d:\qqzww\descivie_temp\server\server\gameserverlib\debug\timerfix.obj
d:\qqzww\descivie_temp\server\server\gameserverlib\debug\timerframe.obj
d:\qqzww\descivie_temp\server\server\gameserverlib\debug\timersecond.obj
d:\qqzww\descivie_temp\server\server\gameserverlib\debug\utilstring.obj
d:\qqzww\descivie_temp\server\server\gameserverlib\debug\playaiobject.obj
d:\qqzww\descivie_temp\server\server\gameserverlib\debug\playmap.obj
d:\qqzww\descivie_temp\server\server\gameserverlib\debug\playmapitem.obj
d:\qqzww\descivie_temp\server\server\gameserverlib\debug\playmapobject.obj
d:\qqzww\descivie_temp\server\server\gameserverlib\debug\playmaptrap.obj
d:\qqzww\descivie_temp\server\server\gameserverlib\debug\playmonster.obj
d:\qqzww\descivie_temp\server\server\gameserverlib\debug\playmonsterbossnomove.obj
d:\qqzww\descivie_temp\server\server\gameserverlib\debug\playmonstercaller.obj
d:\qqzww\descivie_temp\server\server\gameserverlib\debug\playmonsterdummy.obj
d:\qqzww\descivie_temp\server\server\gameserverlib\debug\playmonsterexplode.obj
d:\qqzww\descivie_temp\server\server\gameserverlib\debug\playmonsterhelper.obj
d:\qqzww\descivie_temp\server\server\gameserverlib\debug\playmonsternomove.obj
d:\qqzww\descivie_temp\server\server\gameserverlib\debug\playmonsterpuppet.obj
d:\qqzww\descivie_temp\server\server\gameserverlib\debug\playmonsterremote.obj
d:\qqzww\descivie_temp\server\server\gameserverlib\debug\playmonsterremotenomove.obj
d:\qqzww\descivie_temp\server\server\gameserverlib\debug\playneutral.obj
d:\qqzww\descivie_temp\server\server\gameserverlib\debug\playneutralram.obj
d:\qqzww\descivie_temp\server\server\gameserverlib\debug\playnpc.obj
d:\qqzww\descivie_temp\server\server\gameserverlib\debug\playslave.obj
d:\qqzww\descivie_temp\server\server\gameserverlib\debug\scriptlua.obj
d:\qqzww\descivie_temp\server\server\gameserverlib\debug\managerfilter.obj
d:\qqzww\descivie_temp\server\server\gameserverlib\debug\managerfly.obj
d:\qqzww\descivie_temp\server\server\gameserverlib\debug\managergroup.obj
d:\qqzww\descivie_temp\server\server\gameserverlib\debug\managerguild.obj
d:\qqzww\descivie_temp\server\server\gameserverlib\debug\manageritemdef.obj
d:\qqzww\descivie_temp\server\server\gameserverlib\debug\managerlevelinfo.obj
d:\qqzww\descivie_temp\server\server\gameserverlib\debug\managermail.obj
d:\qqzww\descivie_temp\server\server\gameserverlib\debug\managermap.obj
d:\qqzww\descivie_temp\server\server\gameserverlib\debug\managermondef.obj
d:\qqzww\descivie_temp\server\server\gameserverlib\debug\managermonster.obj
d:\qqzww\descivie_temp\server\server\gameserverlib\debug\managernotice.obj
d:\qqzww\descivie_temp\server\server\gameserverlib\debug\managerobjfuncs.obj
d:\qqzww\descivie_temp\server\server\gameserverlib\debug\managerrelationcache.obj
d:\qqzww\descivie_temp\server\server\gameserverlib\debug\managerskilldef.obj
d:\qqzww\descivie_temp\server\server\gameserverlib\debug\managerstatus.obj
d:\qqzww\descivie_temp\server\server\gameserverlib\debug\managersworddef.obj
d:\qqzww\descivie_temp\server\server\gameserverlib\debug\managertask.obj
d:\qqzww\descivie_temp\server\server\gameserverlib\debug\managertotalattr.obj
d:\qqzww\descivie_temp\server\server\gameserverlib\debug\managertrapdef.obj
d:\qqzww\descivie_temp\server\server\gameserverlib\debug\playactiveobject.obj
d:\qqzww\descivie_temp\server\server\gameserverlib\debug\constsstring.obj
d:\qqzww\descivie_temp\server\server\gameserverlib\debug\couplecouple.obj
d:\qqzww\descivie_temp\server\server\gameserverlib\debug\domaincouple.obj
d:\qqzww\descivie_temp\server\server\gameserverlib\debug\domaindata.obj
d:\qqzww\descivie_temp\server\server\gameserverlib\debug\domaingroup.obj
d:\qqzww\descivie_temp\server\server\gameserverlib\debug\domainguild.obj
d:\qqzww\descivie_temp\server\server\gameserverlib\debug\domainplay.obj
d:\qqzww\descivie_temp\server\server\gameserverlib\debug\gameserverlib.obj
d:\qqzww\descivie_temp\server\server\gameserverlib\debug\gamesession.obj
d:\qqzww\descivie_temp\server\server\gameserverlib\debug\gmcommand.obj
d:\qqzww\descivie_temp\server\server\gameserverlib\debug\groupgroup.obj
d:\qqzww\descivie_temp\server\server\gameserverlib\debug\guildguild.obj
d:\qqzww\descivie_temp\server\server\gameserverlib\debug\managerautorun.obj
d:\qqzww\descivie_temp\server\server\gameserverlib\debug\managerchargedart.obj
d:\qqzww\descivie_temp\server\server\gameserverlib\debug\managerchart.obj
d:\qqzww\descivie_temp\server\server\gameserverlib\debug\managerconsignment.obj
d:\qqzww\descivie_temp\server\server\gameserverlib\debug\managercouple.obj
d:\qqzww\descivie_temp\server\server\gameserverlib\debug\managerdeny.obj
d:\qqzww\descivie_temp\server\server\gameserverlib\debug\managerdenysell.obj
d:\decisive\server\server\gameserverlib\debug\gameserverlib.lib
d:\qqzww\descivie_temp\server\server\gameserverlib\debug\gameserverlib.lib
d:\qqzww\descivie_temp\server\server\gameserverlib\debug\gameserverlib.tlog\cl.command.1.tlog
d:\qqzww\descivie_temp\server\server\gameserverlib\debug\gameserverlib.tlog\cl.read.1.tlog
d:\qqzww\descivie_temp\server\server\gameserverlib\debug\gameserverlib.tlog\cl.write.1.tlog
d:\qqzww\descivie_temp\server\server\gameserverlib\debug\gameserverlib.tlog\lib-link.read.1.tlog
d:\qqzww\descivie_temp\server\server\gameserverlib\debug\gameserverlib.tlog\lib-link.write.1.tlog
d:\qqzww\descivie_temp\server\server\gameserverlib\debug\gameserverlib.tlog\lib.command.1.tlog
