d:\decisive\server\server\sexylib\debug\sexylib.pch
d:\decisive\server\server\sexylib\debug\vc120.pdb
d:\decisive\server\server\sexylib\debug\vc120.idb
d:\decisive\server\server\sexylib\debug\stdafx.obj
d:\decisive\server\server\sexylib\debug\servermain.obj
d:\decisive\server\server\sexylib\debug\servicent.obj
d:\decisive\server\server\sexylib\debug\softwarekey.obj
d:\decisive\server\server\sexylib\debug\streamblock.obj
d:\decisive\server\server\sexylib\debug\streamfix.obj
d:\decisive\server\server\sexylib\debug\tcpaccept.obj
d:\decisive\server\server\sexylib\debug\tcpaccepteventqueue.obj
d:\decisive\server\server\sexylib\debug\tcpclient.obj
d:\decisive\server\server\sexylib\debug\tcpconnect.obj
d:\decisive\server\server\sexylib\debug\tcpconnecteventqueue.obj
d:\decisive\server\server\sexylib\debug\tcpsession.obj
d:\decisive\server\server\sexylib\debug\tcpsessionmanager.obj
d:\decisive\server\server\sexylib\debug\tcpsessionmini.obj
d:\decisive\server\server\sexylib\debug\timerfix.obj
d:\decisive\server\server\sexylib\debug\toolsconsole.obj
d:\decisive\server\server\sexylib\debug\toolshttp.obj
d:\decisive\server\server\sexylib\debug\toolsmemfile.obj
d:\decisive\server\server\sexylib\debug\toolspath.obj
d:\decisive\server\server\sexylib\debug\toolsstring.obj
d:\decisive\server\server\sexylib\debug\udpsession.obj
d:\decisive\server\server\sexylib\debug\application.obj
d:\decisive\server\server\sexylib\debug\cryptography.obj
d:\decisive\server\server\sexylib\debug\dbmssql.obj
d:\decisive\server\server\sexylib\debug\dbmysql.obj
d:\decisive\server\server\sexylib\debug\debugcrash.obj
d:\decisive\server\server\sexylib\debug\eventqueue.obj
d:\decisive\server\server\sexylib\debug\eventqueuethread.obj
d:\decisive\server\server\sexylib\debug\logger.obj
d:\decisive\server\server\sexylib\debug\memoryblock.obj
d:\decisive\server\server\sexylib\debug\memorypool.obj
d:\decisive\server\server\sexylib\debug\monitoriocp.obj
d:\decisive\server\server\sexylib\debug\recvbuffer.obj
d:\decisive\server\server\sexylib\debug\md5.obj
d:\decisive\server\server\sexylib\debug\performance.obj
d:\qqzww\descivie_temp\server\server\sexylib\debug\sexylib.pch
d:\qqzww\descivie_temp\server\server\sexylib\debug\vc120.pdb
d:\qqzww\descivie_temp\server\server\sexylib\debug\vc120.idb
d:\qqzww\descivie_temp\server\server\sexylib\debug\stdafx.obj
d:\qqzww\descivie_temp\server\server\sexylib\debug\servermain.obj
d:\qqzww\descivie_temp\server\server\sexylib\debug\servicent.obj
d:\qqzww\descivie_temp\server\server\sexylib\debug\softwarekey.obj
d:\qqzww\descivie_temp\server\server\sexylib\debug\streamblock.obj
d:\qqzww\descivie_temp\server\server\sexylib\debug\streamfix.obj
d:\qqzww\descivie_temp\server\server\sexylib\debug\tcpaccept.obj
d:\qqzww\descivie_temp\server\server\sexylib\debug\tcpaccepteventqueue.obj
d:\qqzww\descivie_temp\server\server\sexylib\debug\tcpclient.obj
d:\qqzww\descivie_temp\server\server\sexylib\debug\tcpconnect.obj
d:\qqzww\descivie_temp\server\server\sexylib\debug\tcpconnecteventqueue.obj
d:\qqzww\descivie_temp\server\server\sexylib\debug\tcpsession.obj
d:\qqzww\descivie_temp\server\server\sexylib\debug\tcpsessionmanager.obj
d:\qqzww\descivie_temp\server\server\sexylib\debug\tcpsessionmini.obj
d:\qqzww\descivie_temp\server\server\sexylib\debug\timerfix.obj
d:\qqzww\descivie_temp\server\server\sexylib\debug\toolsconsole.obj
d:\qqzww\descivie_temp\server\server\sexylib\debug\toolshttp.obj
d:\qqzww\descivie_temp\server\server\sexylib\debug\toolsmemfile.obj
d:\qqzww\descivie_temp\server\server\sexylib\debug\toolspath.obj
d:\qqzww\descivie_temp\server\server\sexylib\debug\toolsstring.obj
d:\qqzww\descivie_temp\server\server\sexylib\debug\udpsession.obj
d:\qqzww\descivie_temp\server\server\sexylib\debug\application.obj
d:\qqzww\descivie_temp\server\server\sexylib\debug\cryptography.obj
d:\qqzww\descivie_temp\server\server\sexylib\debug\dbmssql.obj
d:\qqzww\descivie_temp\server\server\sexylib\debug\dbmysql.obj
d:\qqzww\descivie_temp\server\server\sexylib\debug\debugcrash.obj
d:\qqzww\descivie_temp\server\server\sexylib\debug\eventqueue.obj
d:\qqzww\descivie_temp\server\server\sexylib\debug\eventqueuethread.obj
d:\qqzww\descivie_temp\server\server\sexylib\debug\logger.obj
d:\qqzww\descivie_temp\server\server\sexylib\debug\memoryblock.obj
d:\qqzww\descivie_temp\server\server\sexylib\debug\memorypool.obj
d:\qqzww\descivie_temp\server\server\sexylib\debug\monitoriocp.obj
d:\qqzww\descivie_temp\server\server\sexylib\debug\recvbuffer.obj
d:\qqzww\descivie_temp\server\server\sexylib\debug\md5.obj
d:\qqzww\descivie_temp\server\server\sexylib\debug\performance.obj
d:\decisive\server\server\sexylib\debug\sexylib.lib
d:\qqzww\descivie_temp\server\server\sexylib\debug\sexylib.lib
d:\qqzww\descivie_temp\server\server\sexylib\debug\msado20.tli
d:\qqzww\descivie_temp\server\server\sexylib\debug\msado20.tlh
d:\qqzww\descivie_temp\server\server\sexylib\debug\sexylib.tlog\cl.command.1.tlog
d:\qqzww\descivie_temp\server\server\sexylib\debug\sexylib.tlog\cl.read.1.tlog
d:\qqzww\descivie_temp\server\server\sexylib\debug\sexylib.tlog\cl.write.1.tlog
d:\qqzww\descivie_temp\server\server\sexylib\debug\sexylib.tlog\lib-link.read.1.tlog
d:\qqzww\descivie_temp\server\server\sexylib\debug\sexylib.tlog\lib-link.write.1.tlog
d:\qqzww\descivie_temp\server\server\sexylib\debug\sexylib.tlog\lib.command.1.tlog
