[2018-06-29 20:38:59]loginmoney 大刀 0 0 690000 0 0
[2018-06-29 20:42:34]item add 大刀 100 24020005 13 1 1 1 0 0 0 0 0 0 0 0 0 0 0 0 0 1530276154 101 1530276154 0 0 0
[2018-06-29 20:49:17]loginmoney 大刀 0 0 690000 0 0
[2018-06-29 20:50:44]vcoin_gs add 大刀 666 1000000 1000000
[2018-06-29 20:50:52]item add 大刀 100 23150004 14 1 1 1 0 0 0 0 0 0 0 0 0 0 0 0 0 1530276652 101 1530276652 0 0 0
[2018-06-29 20:50:52]item add 大刀 100 23060003 15 1 1 1 0 0 0 0 0 0 0 0 0 0 0 0 0 1530276652 102 1530276652 0 0 0
[2018-06-29 20:50:52]item add 大刀 100 20003003 16 1 1 1 0 0 0 0 0 0 0 0 0 0 0 0 0 1530276652 103 1530276652 0 0 0
[2018-06-29 20:50:52]item add 大刀 100 32000006 17 1 1 1 0 0 0 0 0 0 0 0 0 0 0 0 0 1530276652 104 1530276652 0 0 0
[2018-06-29 20:50:52]item num 大刀 100 32000002 6 1 1 1 0 0 0 0 0 0 0 0 0 0 0 0 0 1530082775 111 1530082775 0 0 0
[2018-06-29 20:50:52]item add 大刀 100 23080008 18 1 1 1 0 0 0 0 0 0 0 0 0 0 0 0 0 1530276652 106 1530276652 0 0 0
[2018-06-29 20:50:53]item rem 大刀 111 0 16 1 0 1 0 0 0 0 0 0 0 0 0 0 0 0 0 1530276652 103 1530276652 0 0 0
[2018-06-29 20:50:55]item add 大刀 100 23030003 16 1 1 1 0 0 0 0 0 0 0 0 0 0 0 0 0 1530276655 107 1530276655 0 0 0
[2018-06-29 20:50:55]item num 大刀 100 23060003 15 1 1 1 0 0 0 0 0 0 0 0 0 0 0 0 0 1530276652 102 1530276652 0 0 0
[2018-06-29 20:50:55]item add 大刀 100 20003003 19 1 1 1 0 0 0 0 0 0 0 0 0 0 0 0 0 1530276655 109 1530276655 0 0 0
[2018-06-29 20:50:55]item num 大刀 100 32000006 17 1 1 1 0 0 0 0 0 0 0 0 0 0 0 0 0 1530276652 104 1530276652 0 0 0
[2018-06-29 20:50:55]item num 大刀 100 32000001 5 1 1 1 0 0 0 0 0 0 0 0 0 0 0 0 0 1530082775 110 1530082775 0 0 0
[2018-06-29 20:50:55]item num 大刀 100 32000002 6 1 1 1 0 0 0 0 0 0 0 0 0 0 0 0 0 1530082775 111 1530082775 0 0 0
[2018-06-29 20:50:55]item rem 大刀 111 0 19 1 0 1 0 0 0 0 0 0 0 0 0 0 0 0 0 1530276655 109 1530276655 0 0 0
[2018-06-29 20:50:56]item rem 大刀 111 0 16 1 0 1 0 0 0 0 0 0 0 0 0 0 0 0 0 1530276655 107 1530276655 0 0 0
[2018-06-29 20:50:58]item add 大刀 100 23030002 16 1 1 1 0 0 0 0 0 0 0 0 0 0 0 0 0 1530276658 113 1530276658 0 0 0
[2018-06-29 20:50:58]item num 大刀 100 23060003 15 1 1 1 0 0 0 0 0 0 0 0 0 0 0 0 0 1530276652 102 1530276652 0 0 0
[2018-06-29 20:50:58]item add 大刀 100 23150003 19 1 1 1 0 0 0 0 0 0 0 0 0 0 0 0 0 1530276658 115 1530276658 0 0 0
[2018-06-29 20:50:58]item num 大刀 100 32000006 17 1 1 1 0 0 0 0 0 0 0 0 0 0 0 0 0 1530276652 104 1530276652 0 0 0
[2018-06-29 20:50:58]item num 大刀 100 32000001 5 1 1 1 0 0 0 0 0 0 0 0 0 0 0 0 0 1530082775 110 1530082775 0 0 0
[2018-06-29 20:50:58]item num 大刀 100 32000002 6 1 1 1 0 0 0 0 0 0 0 0 0 0 0 0 0 1530082775 111 1530082775 0 0 0
[2018-06-29 20:50:59]item rem 大刀 167 23030002 16 1 1 1 0 0 0 0 0 0 0 0 0 0 0 0 0 1530276658 113 1530276658 0 0 0
[2018-06-29 20:51:01]item add 大刀 100 23020003 16 1 1 1 0 0 0 0 0 0 0 0 0 0 0 0 0 1530276661 119 1530276661 0 0 0
[2018-06-29 20:51:01]item num 大刀 100 23060003 15 1 1 1 0 0 0 0 0 0 0 0 0 0 0 0 0 1530276652 102 1530276652 0 0 0
[2018-06-29 20:51:01]item add 大刀 100 20003003 20 1 1 1 0 0 0 0 0 0 0 0 0 0 0 0 0 1530276661 121 1530276661 0 0 0
[2018-06-29 20:51:01]item num 大刀 100 32000006 17 1 1 1 0 0 0 0 0 0 0 0 0 0 0 0 0 1530276652 104 1530276652 0 0 0
[2018-06-29 20:51:01]item num 大刀 100 32000001 5 1 1 1 0 0 0 0 0 0 0 0 0 0 0 0 0 1530082775 110 1530082775 0 0 0
[2018-06-29 20:51:01]item num 大刀 100 32000002 6 1 1 1 0 0 0 0 0 0 0 0 0 0 0 0 0 1530082775 111 1530082775 0 0 0
[2018-06-29 20:51:01]item rem 大刀 111 0 20 1 0 1 0 0 0 0 0 0 0 0 0 0 0 0 0 1530276661 121 1530276661 0 0 0
[2018-06-29 20:51:02]item rem 大刀 111 0 16 1 0 1 0 0 0 0 0 0 0 0 0 0 0 0 0 1530276661 119 1530276661 0 0 0
[2018-06-29 20:51:05]item add 大刀 100 23020002 16 1 1 1 0 0 0 0 0 0 0 0 0 0 0 0 0 1530276665 125 1530276665 0 0 0
[2018-06-29 20:51:05]item num 大刀 100 23060003 15 1 1 1 0 0 0 0 0 0 0 0 0 0 0 0 0 1530276652 102 1530276652 0 0 0
[2018-06-29 20:51:05]item add 大刀 100 20003003 20 1 1 1 0 0 0 0 0 0 0 0 0 0 0 0 0 1530276665 127 1530276665 0 0 0
[2018-06-29 20:51:05]item num 大刀 100 32000006 17 1 1 1 0 0 0 0 0 0 0 0 0 0 0 0 0 1530276652 104 1530276652 0 0 0
[2018-06-29 20:51:05]item num 大刀 100 32000001 5 1 1 1 0 0 0 0 0 0 0 0 0 0 0 0 0 1530082775 110 1530082775 0 0 0
[2018-06-29 20:51:05]item num 大刀 100 32000002 6 1 1 1 0 0 0 0 0 0 0 0 0 0 0 0 0 1530082775 111 1530082775 0 0 0
[2018-06-29 20:51:05]item rem 大刀 111 0 20 1 0 1 0 0 0 0 0 0 0 0 0 0 0 0 0 1530276665 127 1530276665 0 0 0
[2018-06-29 20:51:06]item rem 大刀 167 23020002 16 1 1 1 0 0 0 0 0 0 0 0 0 0 0 0 0 1530276665 125 1530276665 0 0 0
[2018-06-29 20:51:07]item add 大刀 100 23020002 16 1 1 1 0 0 0 0 0 0 0 0 0 0 0 0 0 1530276667 131 1530276667 0 0 0
[2018-06-29 20:51:07]item num 大刀 100 23060003 15 1 1 1 0 0 0 0 0 0 0 0 0 0 0 0 0 1530276652 102 1530276652 0 0 0
[2018-06-29 20:51:07]item add 大刀 100 20003003 20 1 1 1 0 0 0 0 0 0 0 0 0 0 0 0 0 1530276667 133 1530276667 0 0 0
[2018-06-29 20:51:07]item num 大刀 100 32000006 17 1 1 1 0 0 0 0 0 0 0 0 0 0 0 0 0 1530276652 104 1530276652 0 0 0
[2018-06-29 20:51:07]item num 大刀 100 32000001 5 1 1 1 0 0 0 0 0 0 0 0 0 0 0 0 0 1530082775 110 1530082775 0 0 0
[2018-06-29 20:51:07]item num 大刀 100 32000002 6 1 1 1 0 0 0 0 0 0 0 0 0 0 0 0 0 1530082775 111 1530082775 0 0 0
[2018-06-29 20:51:08]item rem 大刀 111 0 20 1 0 1 0 0 0 0 0 0 0 0 0 0 0 0 0 1530276667 133 1530276667 0 0 0
[2018-06-29 20:51:08]item rem 大刀 167 23020002 16 1 1 1 0 0 0 0 0 0 0 0 0 0 0 0 0 1530276667 131 1530276667 0 0 0
[2018-06-29 20:51:11]item num 大刀 100 23060003 15 1 1 1 0 0 0 0 0 0 0 0 0 0 0 0 0 1530276652 102 1530276652 0 0 0
[2018-06-29 20:51:11]item num 大刀 100 24030001 4 1 1 1 0 0 0 0 0 0 0 0 0 0 0 0 0 1530082775 109 1530082775 0 0 0
[2018-06-29 20:51:11]item add 大刀 100 20003003 16 1 1 1 0 0 0 0 0 0 0 0 0 0 0 0 0 1530276671 139 1530276671 0 0 0
[2018-06-29 20:51:11]item num 大刀 100 32000006 17 1 1 1 0 0 0 0 0 0 0 0 0 0 0 0 0 1530276652 104 1530276652 0 0 0
[2018-06-29 20:51:11]item num 大刀 100 32000001 5 1 1 1 0 0 0 0 0 0 0 0 0 0 0 0 0 1530082775 110 1530082775 0 0 0
[2018-06-29 20:51:11]item num 大刀 100 32000002 6 1 1 1 0 0 0 0 0 0 0 0 0 0 0 0 0 1530082775 111 1530082775 0 0 0
[2018-06-29 20:51:12]item rem 大刀 111 0 16 1 0 1 0 0 0 0 0 0 0 0 0 0 0 0 0 1530276671 139 1530276671 0 0 0
[2018-06-29 20:51:14]item add 大刀 100 23060002 16 1 1 1 0 0 0 0 0 0 0 0 0 0 0 0 0 1530276674 143 1530276674 0 0 0
[2018-06-29 20:51:14]item add 大刀 100 20003003 20 1 1 1 0 0 0 0 0 0 0 0 0 0 0 0 0 1530276674 144 1530276674 0 0 0
[2018-06-29 20:51:14]item num 大刀 100 32000006 17 1 1 1 0 0 0 0 0 0 0 0 0 0 0 0 0 1530276652 104 1530276652 0 0 0
[2018-06-29 20:51:14]item num 大刀 100 32000001 5 1 1 1 0 0 0 0 0 0 0 0 0 0 0 0 0 1530082775 110 1530082775 0 0 0
[2018-06-29 20:51:14]item num 大刀 100 32000002 6 1 1 1 0 0 0 0 0 0 0 0 0 0 0 0 0 1530082775 111 1530082775 0 0 0
[2018-06-29 20:51:14]item num 大刀 100 32000003 7 1 1 1 0 0 0 0 0 0 0 0 0 0 0 0 0 1530082775 112 1530082775 0 0 0
[2018-06-29 20:51:14]item rem 大刀 111 0 20 1 0 1 0 0 0 0 0 0 0 0 0 0 0 0 0 1530276674 144 1530276674 0 0 0
[2018-06-29 20:52:02]item rem 大刀 167 14300001 -30 1 1 1 0 0 0 0 0 0 0 0 0 0 0 0 0 1530082805 120 1530082805 0 0 20
[2018-06-29 20:52:02]item add 大刀 100 14300002 -30 1 1 1 0 0 0 0 0 0 0 0 0 0 0 0 0 1530276722 149 1530276722 0 0 20
[2018-06-29 20:52:03]item rem 大刀 167 14300002 -30 1 1 1 0 0 0 0 0 0 0 0 0 0 0 0 0 1530276722 149 1530276722 0 0 20
[2018-06-29 20:52:03]item add 大刀 100 14300003 -30 1 1 1 0 0 0 0 0 0 0 0 0 0 0 0 0 1530276723 150 1530276723 0 0 20
[2018-06-29 20:52:03]item rem 大刀 167 14300003 -30 1 1 1 0 0 0 0 0 0 0 0 0 0 0 0 0 1530276723 150 1530276723 0 0 20
[2018-06-29 20:52:03]item add 大刀 100 14300004 -30 1 1 1 0 0 0 0 0 0 0 0 0 0 0 0 0 1530276723 151 1530276723 0 0 20
[2018-06-29 20:52:04]item rem 大刀 167 14300004 -30 1 1 1 0 0 0 0 0 0 0 0 0 0 0 0 0 1530276723 151 1530276723 0 0 20
[2018-06-29 20:52:04]item add 大刀 100 14300005 -30 1 1 1 0 0 0 0 0 0 0 0 0 0 0 0 0 1530276724 152 1530276724 0 0 20
[2018-06-29 20:52:05]item rem 大刀 167 14400001 -32 1 1 1 0 0 0 0 0 0 0 0 0 0 0 0 0 1530082807 121 1530082807 0 0 20
[2018-06-29 20:52:05]item add 大刀 100 14400002 -32 1 1 1 0 0 0 0 0 0 0 0 0 0 0 0 0 1530276725 153 1530276725 0 0 20
[2018-06-29 20:52:06]item rem 大刀 167 14400002 -32 1 1 1 0 0 0 0 0 0 0 0 0 0 0 0 0 1530276725 153 1530276725 0 0 20
[2018-06-29 20:52:06]item add 大刀 100 14400003 -32 1 1 1 0 0 0 0 0 0 0 0 0 0 0 0 0 1530276726 154 1530276726 0 0 20
[2018-06-29 20:52:06]item rem 大刀 167 14400003 -32 1 1 1 0 0 0 0 0 0 0 0 0 0 0 0 0 1530276726 154 1530276726 0 0 20
[2018-06-29 20:52:06]item add 大刀 100 14400004 -32 1 1 1 0 0 0 0 0 0 0 0 0 0 0 0 0 1530276726 155 1530276726 0 0 20
[2018-06-29 20:52:07]item rem 大刀 167 14400004 -32 1 1 1 0 0 0 0 0 0 0 0 0 0 0 0 0 1530276726 155 1530276726 0 0 20
[2018-06-29 20:52:07]item add 大刀 100 14400005 -32 1 1 1 0 0 0 0 0 0 0 0 0 0 0 0 0 1530276727 156 1530276727 0 0 20
[2018-06-29 20:52:25]item add 大刀 100 12102011 20 1 1 1 0 0 0 0 0 0 0 0 0 0 0 0 0 1530276745 157 1530276745 0 0 20
[2018-06-29 20:52:29]item add 大刀 100 12102021 21 1 1 1 0 0 0 0 0 0 0 0 0 0 0 0 0 1530276749 158 1530276749 0 0 20
[2018-06-29 20:52:36]item add 大刀 100 12102081 22 1 1 1 0 0 0 0 0 0 0 0 0 0 0 0 0 1530276756 159 1530276756 0 0 20
[2018-06-29 20:52:46]item add 大刀 100 12103041 22 1 1 1 0 0 0 0 0 0 0 0 0 0 0 0 0 1530276766 160 1530276766 0 0 20
[2018-06-29 20:52:48]item add 大刀 100 23000001 22 1 1 1 0 0 0 0 0 0 0 0 0 0 0 0 0 1530276768 161 1530276768 0 0 0
[2018-06-29 20:52:49]item rem 大刀 167 23000001 22 1 1 1 0 0 0 0 0 0 0 0 0 0 0 0 0 1530276768 161 1530276768 0 0 0
[2018-06-29 20:52:59]item add 大刀 100 12103061 22 1 1 1 0 0 0 0 0 0 0 0 0 0 0 0 0 1530276779 162 1530276779 0 0 20
[2018-06-29 20:53:03]item add 大刀 100 14500001 -38 1 1 1 0 0 0 0 0 0 0 0 0 0 0 0 0 1530276783 163 1530276783 0 0 20
[2018-06-29 20:53:22]item add 大刀 100 12103011 23 1 1 1 0 0 0 0 0 0 0 0 0 0 0 0 0 1530276802 164 1530276802 0 0 20
[2018-06-29 20:53:52]item add 大刀 155 12102031 24 1 1 1 0 0 0 0 0 0 0 0 0 0 0 0 0 1530276830 171 1530276830 0 0 20
[2018-06-29 20:53:53]item add 大刀 155 13102031 25 1 1 1 0 0 0 0 0 0 0 0 0 0 0 0 0 1530276830 172 1530276830 0 0 20
[2018-06-29 20:53:53]item add 大刀 155 11102031 26 1 1 1 0 0 0 0 0 0 0 0 0 0 0 0 0 1530276830 170 1530276830 0 0 20
[2018-06-29 20:53:54]item num 大刀 155 20001001 0 1 1 1 0 0 0 0 0 0 0 0 0 0 0 0 0 1530080663 102 1530080663 0 0 0
[2018-06-29 20:53:55]item num 大刀 155 20001001 0 1 1 1 0 0 0 0 0 0 0 0 0 0 0 0 0 1530080663 102 1530080663 0 0 0
[2018-06-29 20:54:03]item add 大刀 155 33000001 27 1 1 1 0 0 0 0 0 0 0 0 0 0 0 0 0 1530276830 173 1530276830 0 0 0
[2018-06-29 20:54:15]item rem 大刀 167 11100001 1 1 1 1 0 0 0 0 0 0 0 0 0 0 0 0 0 1526295664 101 1526295664 0 0 20
[2018-06-29 20:54:15]item rem 大刀 167 12101061 22 1 1 1 0 0 0 0 0 0 0 0 0 0 0 0 0 1530080651 100 1530080651 0 0 20
[2018-06-29 20:54:15]item rem 大刀 167 12102011 23 1 1 1 0 0 0 0 0 0 0 0 0 0 0 0 0 1530276745 157 1530276745 0 0 20
[2018-06-29 20:54:15]item rem 大刀 167 12101031 24 1 1 1 0 0 0 0 0 0 0 0 0 0 0 0 0 1530080677 104 1530080677 0 0 20
[2018-06-29 20:54:15]item rem 大刀 167 13102031 25 1 1 1 0 0 0 0 0 0 0 0 0 0 0 0 0 1530276830 172 1530276830 0 0 20
[2018-06-29 20:54:15]item rem 大刀 167 12101021 21 1 1 1 0 0 0 0 0 0 0 0 0 0 0 0 0 1530080695 106 1530080695 0 0 20
[2018-06-29 20:54:15]item rem 大刀 167 11102031 26 1 1 1 0 0 0 0 0 0 0 0 0 0 0 0 0 1530276830 170 1530276830 0 0 20
[2018-06-29 20:54:15]item rem 大刀 167 12101011 20 1 1 1 0 0 0 0 0 0 0 0 0 0 0 0 0 1530080669 103 1530080669 0 0 20
[2018-06-29 20:54:15]item rem 大刀 167 11100002 2 1 1 1 0 0 0 0 0 0 0 0 0 0 0 0 0 1526295668 102 1526295668 0 0 20
[2018-06-29 20:54:15]item rem 大刀 167 24020005 13 1 1 1 0 0 0 0 0 0 0 0 0 0 0 0 0 1530276154 101 1530276154 0 0 0
[2018-06-29 20:54:19]item rem 大刀 167 33000001 27 1 1 1 0 0 0 0 0 0 0 0 0 0 0 0 0 1530276830 173 1530276830 0 0 0
[2018-06-29 20:54:23]item add 大刀 100 12103021 1 1 1 1 0 0 0 0 0 0 0 0 0 0 0 0 0 1530276863 175 1530276863 0 0 20
[2018-06-29 20:54:25]item add 大刀 100 12103051 2 1 1 1 0 0 0 0 0 0 0 0 0 0 0 0 0 1530276865 176 1530276865 0 0 20
[2018-06-29 20:54:40]item add 大刀 100 12104011 2 1 1 1 0 0 0 0 0 0 0 0 0 0 0 0 0 1530276880 177 1530276880 0 0 20
[2018-06-29 20:55:06]item add 大刀 100 12103031 13 1 1 1 0 0 0 0 0 0 0 0 0 0 0 0 0 1530276906 178 1530276906 0 0 20
[2018-06-29 20:55:36]item add 大刀 155 12103071 20 1 1 1 0 0 0 0 0 0 0 0 0 0 0 0 0 1530276934 185 1530276934 0 0 20
[2018-06-29 20:55:37]item add 大刀 155 13103071 21 1 1 1 0 0 0 0 0 0 0 0 0 0 0 0 0 1530276934 186 1530276934 0 0 20
[2018-06-29 20:55:38]item add 大刀 155 11103071 20 1 1 1 0 0 0 0 0 0 0 0 0 0 0 0 0 1530276934 184 1530276934 0 0 20
[2018-06-29 20:55:38]item num 大刀 155 20001001 0 1 1 1 0 0 0 0 0 0 0 0 0 0 0 0 0 1530080663 102 1530080663 0 0 0
[2018-06-29 20:55:39]item num 大刀 155 20001001 0 1 1 1 0 0 0 0 0 0 0 0 0 0 0 0 0 1530080663 102 1530080663 0 0 0
[2018-06-29 20:55:43]item add 大刀 155 33000104 22 1 1 1 0 0 0 0 0 0 0 0 0 0 0 0 0 1530276934 187 1530276934 0 0 0
[2018-06-29 20:55:46]item rem 大刀 167 33000104 22 1 1 1 0 0 0 0 0 0 0 0 0 0 0 0 0 1530276934 187 1530276934 0 0 0
[2018-06-29 20:55:53]item rem 大刀 167 12102021 1 1 1 1 0 0 0 0 0 0 0 0 0 0 0 0 0 1530276749 158 1530276749 0 0 20
[2018-06-29 20:55:53]item rem 大刀 167 12102031 13 1 1 1 0 0 0 0 0 0 0 0 0 0 0 0 0 1530276830 171 1530276830 0 0 20
[2018-06-29 20:55:53]item rem 大刀 167 11103071 20 1 1 1 0 0 0 0 0 0 0 0 0 0 0 0 0 1530276934 184 1530276934 0 0 20
[2018-06-29 20:55:53]item rem 大刀 167 12103011 2 1 1 1 0 0 0 0 0 0 0 0 0 0 0 0 0 1530276802 164 1530276802 0 0 20
[2018-06-29 20:55:53]item rem 大刀 167 13103071 21 1 1 1 0 0 0 0 0 0 0 0 0 0 0 0 0 1530276934 186 1530276934 0 0 20
[2018-06-29 20:55:57]item num 大刀 100 32000001 5 1 1 1 0 0 0 0 0 0 0 0 0 0 0 0 0 1530082775 110 1530082775 0 0 0
[2018-06-29 20:56:01]item num 大刀 100 24030001 4 1 1 1 0 0 0 0 0 0 0 0 0 0 0 0 0 1530082775 109 1530082775 0 0 0
[2018-06-29 20:56:01]item add 大刀 100 12103061 1 1 1 1 0 0 0 0 0 0 0 0 0 0 0 0 0 1530276961 190 1530276961 0 0 20
[2018-06-29 20:56:03]vcoinbind add 大刀 110 500 500
[2018-06-29 20:56:03]item add 大刀 100 24020001 2 1 1 1 0 0 0 0 0 0 0 0 0 0 0 0 0 1530276963 191 1530276963 0 0 0
[2018-06-29 20:56:03]item add 大刀 100 12103051 13 1 1 1 0 0 0 0 0 0 0 0 0 0 0 0 0 1530276963 192 1530276963 0 0 20
[2018-06-29 20:56:50]vcoin rem 大刀 110 188 999812
[2018-06-29 20:56:50]item num 大刀 100 24030001 4 1 1 1 0 0 0 0 0 0 0 0 0 0 0 0 0 1530082775 109 1530082775 0 0 0
[2018-06-29 20:56:53]item num 大刀 110 24030001 4 1 1 1 0 0 0 0 0 0 0 0 0 0 0 0 0 1530082775 109 1530082775 0 0 0
[2018-06-29 20:56:54]item num 大刀 110 24030001 4 1 1 1 0 0 0 0 0 0 0 0 0 0 0 0 0 1530082775 109 1530082775 0 0 0
[2018-06-29 20:56:54]item num 大刀 110 24030001 4 1 1 1 0 0 0 0 0 0 0 0 0 0 0 0 0 1530082775 109 1530082775 0 0 0
[2018-06-29 20:56:57]item num 大刀 110 24030001 4 1 1 1 0 0 0 0 0 0 0 0 0 0 0 0 0 1530082775 109 1530082775 0 0 0
[2018-06-29 20:56:58]item num 大刀 110 24030001 4 1 1 1 0 0 0 0 0 0 0 0 0 0 0 0 0 1530082775 109 1530082775 0 0 0
[2018-06-29 20:56:58]item num 大刀 110 24030001 4 1 1 1 0 0 0 0 0 0 0 0 0 0 0 0 0 1530082775 109 1530082775 0 0 0
[2018-06-29 20:56:58]item num 大刀 110 24030001 4 1 1 1 0 0 0 0 0 0 0 0 0 0 0 0 0 1530082775 109 1530082775 0 0 0
[2018-06-29 20:56:59]item num 大刀 110 24030001 4 1 1 1 0 0 0 0 0 0 0 0 0 0 0 0 0 1530082775 109 1530082775 0 0 0
[2018-06-29 20:57:06]item add 大刀 100 23000001 13 1 1 1 0 0 0 0 0 0 0 0 0 0 0 0 0 1530277026 195 1530277026 0 0 0
[2018-06-29 20:57:07]item rem 大刀 167 23000001 13 1 1 1 0 0 0 0 0 0 0 0 0 0 0 0 0 1530277026 195 1530277026 0 0 0
[2018-06-29 20:57:15]item add 大刀 100 20001003 13 1 1 1 0 0 0 0 0 0 0 0 0 0 0 0 0 1530277035 196 1530277035 0 0 0
[2018-06-29 20:57:16]item add 大刀 100 20001003 20 1 1 1 0 0 0 0 0 0 0 0 0 0 0 0 0 1530277036 197 1530277036 0 0 0
[2018-06-29 20:57:16]item add 大刀 100 20001003 21 1 1 1 0 0 0 0 0 0 0 0 0 0 0 0 0 1530277036 198 1530277036 0 0 0
[2018-06-29 20:57:20]item add 大刀 100 12105011 22 1 1 1 0 0 0 0 0 0 0 0 0 0 0 0 0 1530277040 199 1530277040 0 0 20
[2018-06-29 20:57:27]logoutmoney 大刀 1732 0 14660100 0 999812
[2018-06-29 20:57:36]loginmoney 大刀 1732 0 14660100 0 999812
[2018-06-29 20:57:44]item rem 大刀 167 12101061 1 1 1 1 0 0 0 0 0 0 0 0 0 0 0 0 0 1530080657 101 1530080657 0 0 20
[2018-06-29 20:57:44]item rem 大刀 167 12104011 22 1 1 1 0 0 0 0 0 0 0 0 0 0 0 0 0 1530276880 177 1530276880 0 0 20
[2018-06-29 20:57:47]vcoinbind add 大刀 110 500 1000
[2018-06-29 20:57:47]item add 大刀 100 12105021 1 1 1 1 0 0 0 0 0 0 0 0 0 0 0 0 0 1530277067 200 1530277067 0 0 20
[2018-06-29 20:57:50]item num 大刀 110 24020001 2 1 1 1 0 0 0 0 0 0 0 0 0 0 0 0 0 1530276963 191 1530276963 0 0 0
[2018-06-29 20:57:50]item upd 大刀 178 12105011 -2 1 1 1 1 0 0 0 0 0 0 0 0 0 0 0 0 1530277040 199 1530277040 0 0 20
[2018-06-29 20:57:50]itemupgrade 大刀 12105011 1530277040 199 1530277040 0 20 ==> 0 12105011 1530277040 199 1530277040 1
[2018-06-29 20:57:53]vcoinbind add 大刀 110 500 1500
[2018-06-29 20:57:55]vcoinbind add 大刀 110 500 2000
[2018-06-29 20:58:00]item num 大刀 100 32000001 5 1 1 1 0 0 0 0 0 0 0 0 0 0 0 0 0 1530082775 110 1530082775 0 0 0
[2018-06-29 20:58:12]item add 大刀 100 24000001 22 1 1 1 0 0 0 0 0 0 0 0 0 0 0 0 0 1530277092 202 1530277092 0 0 0
[2018-06-29 20:58:27]item num 大刀 110 24020001 2 1 1 1 0 0 0 0 0 0 0 0 0 0 0 0 0 1530276963 191 1530276963 0 0 0
[2018-06-29 20:58:27]item upd 大刀 178 12105011 -2 1 1 1 2 0 0 0 0 0 0 0 0 0 0 0 0 1530277040 199 1530277040 0 0 20
[2018-06-29 20:58:27]itemupgrade 大刀 12105011 1530277040 199 1530277040 1 20 ==> 0 12105011 1530277040 199 1530277040 2
[2018-06-29 20:58:37]level change 大刀 85 86 siwangshangu1 死亡山谷1 
[2018-06-29 20:59:15]vcoinbind add 大刀 110 500 2500
[2018-06-29 20:59:42]vcoin rem 大刀 110 2000 997812
[2018-06-29 20:59:42]item add 大刀 100 23100004 3000 1 1 1 0 0 0 0 0 0 0 0 0 0 0 0 0 1530277182 203 1530277182 0 0 0
[2018-06-29 20:59:42]item add 大刀 100 12106021 3001 1 1 0 0 0 0 0 0 0 0 0 0 0 0 0 0 1530277182 206 1530277182 0 0 20
[2018-06-29 20:59:42]item add 大刀 100 11110021 3002 1 1 0 0 0 0 0 0 0 0 0 0 0 0 0 0 1530277182 207 1530277182 0 0 20
[2018-06-29 20:59:42]item add 大刀 100 12107011 3003 1 1 0 0 0 0 0 0 0 0 0 0 0 0 0 0 1530277182 211 1530277182 0 0 20
[2018-06-29 20:59:43]item add 大刀 100 24060001 23 1 1 1 0 0 0 0 0 0 0 0 0 0 0 0 0 1530277183 213 1530277183 0 0 0
[2018-06-29 20:59:44]item rem 大刀 110 24060001 23 1 1 1 0 0 0 0 0 0 0 0 0 0 0 0 0 1530277183 213 1530277183 0 0 0
[2018-06-29 20:59:44]vcoin rem 大刀 110 1800 996012
[2018-06-29 20:59:44]item add 大刀 100 11107061 3004 1 1 0 0 0 0 0 0 0 0 0 0 0 0 0 0 1530277184 220 1530277184 0 0 20
[2018-06-29 20:59:49]vcoin rem 大刀 110 2000 994012
[2018-06-29 20:59:49]item add 大刀 100 11107031 3005 1 1 0 0 0 0 0 0 0 0 0 0 0 0 0 0 1530277189 224 1530277189 0 0 20
[2018-06-29 20:59:49]item add 大刀 100 11108031 3006 1 1 0 0 0 0 0 0 0 0 0 0 0 0 0 0 1530277189 226 1530277189 0 0 20
[2018-06-29 20:59:49]item add 大刀 100 13107071 3007 1 1 0 0 0 0 0 0 0 0 0 0 0 0 0 0 1530277189 232 1530277189 0 0 20
[2018-06-29 20:59:49]vcoin rem 大刀 110 2000 992012
[2018-06-29 20:59:49]item add 大刀 100 12109021 3008 1 1 0 0 0 0 0 0 0 0 0 0 0 0 0 0 1530277189 238 1530277189 0 0 20
[2018-06-29 20:59:49]item add 大刀 100 11106011 3009 1 1 0 0 0 0 0 0 0 0 0 0 0 0 0 0 1530277189 241 1530277189 0 0 20
[2018-06-29 20:59:50]vcoin rem 大刀 110 2000 990012
[2018-06-29 20:59:50]item add 大刀 100 11108081 3010 1 1 0 0 0 0 0 0 0 0 0 0 0 0 0 0 1530277190 244 1530277190 0 0 20
[2018-06-29 20:59:50]item add 大刀 100 11107091 3011 1 1 0 0 0 0 0 0 0 0 0 0 0 0 0 0 1530277190 252 1530277190 0 0 20
[2018-06-29 20:59:50]item add 大刀 100 24060001 23 1 1 1 0 0 0 0 0 0 0 0 0 0 0 0 0 1530277190 254 1530277190 0 0 0
[2018-06-29 20:59:50]item add 大刀 100 23100002 24 1 1 1 0 0 0 0 0 0 0 0 0 0 0 0 0 1530277190 255 1530277190 0 0 0
[2018-06-29 20:59:51]item num 大刀 100 24060001 23 1 1 1 0 0 0 0 0 0 0 0 0 0 0 0 0 1530277190 254 1530277190 0 0 0
[2018-06-29 20:59:51]item num 大刀 100 23100002 24 1 1 1 0 0 0 0 0 0 0 0 0 0 0 0 0 1530277190 255 1530277190 0 0 0
[2018-06-29 20:59:51]item num 大刀 100 24060001 23 1 1 1 0 0 0 0 0 0 0 0 0 0 0 0 0 1530277190 254 1530277190 0 0 0
[2018-06-29 20:59:51]item num 大刀 100 23100002 24 1 1 1 0 0 0 0 0 0 0 0 0 0 0 0 0 1530277190 255 1530277190 0 0 0
[2018-06-29 20:59:52]item num 大刀 100 24060001 23 1 1 1 0 0 0 0 0 0 0 0 0 0 0 0 0 1530277190 254 1530277190 0 0 0
[2018-06-29 20:59:52]item num 大刀 100 23100002 24 1 1 1 0 0 0 0 0 0 0 0 0 0 0 0 0 1530277190 255 1530277190 0 0 0
