[2018-06-29 21:00:00]chart     0     0 10086 大刀.
[2018-06-29 21:00:00]chart     2     0 10086 大刀.
[2018-06-29 21:00:00]chart     4     0  1732 大刀.
[2018-06-29 21:00:00]chart     7     0 19214 大刀.
[2018-06-29 21:00:00]chart     9     0 19214 大刀.
[2018-06-29 21:00:00]chart    11     0     2 大刀.
[2018-06-29 21:00:04]item num 大刀 100 24020001 2 1 1 1 0 0 0 0 0 0 0 0 0 0 0 0 0 1530276963 191 1530276963 0 0 0
[2018-06-29 21:00:36]item upd 大刀 178 12107011 1 1 1 0 2 0 0 0 0 0 0 0 0 0 0 0 0 1530277182 211 1530277182 0 0 20
[2018-06-29 21:00:36]itemupgrade 大刀 12107011 1530277182 211 1530277182 0 20 ==> 0 12107011 1530277182 211 1530277182 2
[2018-06-29 21:01:01]item add 大刀 155 13106071 28 1 1 0 0 0 0 0 0 0 0 0 0 0 0 0 0 1530277259 266 1530277259 0 0 20
[2018-06-29 21:01:02]item add 大刀 155 13105081 29 1 1 0 0 0 0 0 0 0 0 0 0 0 0 0 0 1530277259 269 1530277259 0 0 20
[2018-06-29 21:01:02]item add 大刀 155 11106071 30 1 1 0 0 0 0 0 0 0 0 0 0 0 0 0 0 1530277259 264 1530277259 0 0 20
[2018-06-29 21:01:03]item add 大刀 155 12106071 31 1 1 0 0 0 0 0 0 0 0 0 0 0 0 0 0 1530277259 265 1530277259 0 0 20
[2018-06-29 21:01:04]item add 大刀 155 12105081 32 1 1 0 0 0 0 0 0 0 0 0 0 0 0 0 0 1530277259 268 1530277259 0 0 20
[2018-06-29 21:01:05]item add 大刀 155 11105081 33 1 1 0 0 0 0 0 0 0 0 0 0 0 0 0 0 1530277259 267 1530277259 0 0 20
[2018-06-29 21:01:07]item add 大刀 155 23010002 34 1 1 1 0 0 0 0 0 0 0 0 0 0 0 0 0 1530277259 283 1530277259 0 0 0
[2018-06-29 21:01:08]item num 大刀 155 23010002 34 1 1 1 0 0 0 0 0 0 0 0 0 0 0 0 0 1530277259 283 1530277259 0 0 0
[2018-06-29 21:01:08]item rem 大刀 167 23010002 34 1 1 1 0 0 0 0 0 0 0 0 0 0 0 0 0 1530277259 283 1530277259 0 0 0
[2018-06-29 21:01:09]item add 大刀 155 23000002 34 1 1 1 0 0 0 0 0 0 0 0 0 0 0 0 0 1530277259 281 1530277259 0 0 0
[2018-06-29 21:01:09]item rem 大刀 111 0 34 1 0 1 0 0 0 0 0 0 0 0 0 0 0 0 0 1530277259 281 1530277259 0 0 0
[2018-06-29 21:01:11]item num 大刀 155 32000001 23 1 1 1 0 0 0 0 0 0 0 0 0 0 0 0 0 1530082775 110 1530082775 0 0 0
[2018-06-29 21:01:11]item add 大刀 155 20001001 34 1 1 0 0 0 0 0 0 0 0 0 0 0 0 0 0 1530277259 273 1530277259 0 0 0
[2018-06-29 21:01:14]item add 大刀 155 33000201 35 1 1 1 0 0 0 0 0 0 0 0 0 0 0 0 0 1530277259 284 1530277259 0 0 0
[2018-06-29 21:01:15]item add 大刀 155 23000002 36 1 1 1 0 0 0 0 0 0 0 0 0 0 0 0 0 1530277259 279 1530277259 0 0 0
[2018-06-29 21:01:16]item num 大刀 155 23000002 36 1 1 1 0 0 0 0 0 0 0 0 0 0 0 0 0 1530277259 279 1530277259 0 0 0
[2018-06-29 21:01:16]item num 大刀 111 23000002 36 1 0 1 0 0 0 0 0 0 0 0 0 0 0 0 0 1530277259 279 1530277259 0 0 0
[2018-06-29 21:01:17]item rem 大刀 111 0 36 1 -1 1 0 0 0 0 0 0 0 0 0 0 0 0 0 1530277259 279 1530277259 0 0 0
[2018-06-29 21:01:23]item rem 大刀 167 33000201 35 1 1 1 0 0 0 0 0 0 0 0 0 0 0 0 0 1530277259 284 1530277259 0 0 0
[2018-06-29 21:01:33]level change 大刀 86 87 tucheng 盟重 
[2018-06-29 21:01:44]vcoinbind add 大刀 110 500 3000
[2018-06-29 21:01:44]item num 大刀 100 24020001 13 1 1 1 0 0 0 0 0 0 0 0 0 0 0 0 0 1530276963 191 1530276963 0 0 0
[2018-06-29 21:01:49]item num 大刀 100 32000001 23 1 1 1 0 0 0 0 0 0 0 0 0 0 0 0 0 1530082775 110 1530082775 0 0 0
[2018-06-29 21:01:55]item num 大刀 100 32000001 23 1 1 1 0 0 0 0 0 0 0 0 0 0 0 0 0 1530082775 110 1530082775 0 0 0
[2018-06-29 21:01:56]level change 大刀 87 88 tucheng 盟重 
[2018-06-29 21:02:00]item num 大刀 100 32000001 23 1 1 1 0 0 0 0 0 0 0 0 0 0 0 0 0 1530082775 110 1530082775 0 0 0
[2018-06-29 21:02:20]item rem 大刀 110 24060001 11 1 1 1 0 0 0 0 0 0 0 0 0 0 0 0 0 1530277190 254 1530277190 0 0 0
[2018-06-29 21:02:20]vcoin rem 大刀 110 1200 988812
[2018-06-29 21:02:21]vcoin rem 大刀 110 2000 986812
[2018-06-29 21:02:21]item add 大刀 100 11107081 3009 1 1 0 0 0 0 0 0 0 0 0 0 0 0 0 0 1530277341 299 1530277341 0 0 20
[2018-06-29 21:02:21]item add 大刀 100 13107051 3010 1 1 0 0 0 0 0 0 0 0 0 0 0 0 0 0 1530277341 303 1530277341 0 0 20
[2018-06-29 21:02:21]item add 大刀 100 13107011 3011 1 1 0 0 0 0 0 0 0 0 0 0 0 0 0 0 1530277341 307 1530277341 0 0 20
[2018-06-29 21:02:22]vcoin rem 大刀 110 2000 984812
[2018-06-29 21:02:22]item add 大刀 100 11106091 3012 1 1 0 0 0 0 0 0 0 0 0 0 0 0 0 0 1530277342 313 1530277342 0 0 20
[2018-06-29 21:02:22]item add 大刀 100 13108061 3013 1 1 0 0 0 0 0 0 0 0 0 0 0 0 0 0 1530277342 315 1530277342 0 0 20
[2018-06-29 21:02:22]item add 大刀 100 13106071 3014 1 1 0 0 0 0 0 0 0 0 0 0 0 0 0 0 1530277342 318 1530277342 0 0 20
[2018-06-29 21:02:23]vcoin rem 大刀 110 2000 982812
[2018-06-29 21:02:23]item add 大刀 100 13115091 3015 1 1 0 0 0 0 0 0 0 0 0 0 0 0 0 0 1530277343 320 1530277343 0 0 20
[2018-06-29 21:02:23]item add 大刀 100 11110091 3016 1 1 0 0 0 0 0 0 0 0 0 0 0 0 0 0 1530277343 323 1530277343 0 0 20
[2018-06-29 21:02:23]vcoin rem 大刀 110 2000 980812
[2018-06-29 21:02:23]item add 大刀 100 11107041 3017 1 1 0 0 0 0 0 0 0 0 0 0 0 0 0 0 1530277343 331 1530277343 0 0 20
[2018-06-29 21:02:23]item add 大刀 100 11107041 3018 1 1 0 0 0 0 0 0 0 0 0 0 0 0 0 0 1530277343 335 1530277343 0 0 20
[2018-06-29 21:02:23]item add 大刀 100 13106041 3019 1 1 0 0 0 0 0 0 0 0 0 0 0 0 0 0 1530277343 338 1530277343 0 0 20
[2018-06-29 21:02:32]vcoin rem 大刀 110 2000 978812
[2018-06-29 21:02:32]item add 大刀 100 11107021 3020 1 1 0 0 0 0 0 0 0 0 0 0 0 0 0 0 1530277352 343 1530277352 0 0 20
[2018-06-29 21:02:33]vcoin rem 大刀 110 2000 976812
[2018-06-29 21:02:33]item add 大刀 100 11108091 3021 1 1 0 0 0 0 0 0 0 0 0 0 0 0 0 0 1530277353 351 1530277353 0 0 20
[2018-06-29 21:02:33]item add 大刀 100 13112011 3022 1 1 0 0 0 0 0 0 0 0 0 0 0 0 0 0 1530277353 355 1530277353 0 0 20
[2018-06-29 21:02:33]item add 大刀 100 11106061 3023 1 1 0 0 0 0 0 0 0 0 0 0 0 0 0 0 1530277353 358 1530277353 0 0 20
[2018-06-29 21:02:33]vcoin rem 大刀 110 2000 974812
[2018-06-29 21:02:33]item add 大刀 100 12107051 3024 1 1 0 0 0 0 0 0 0 0 0 0 0 0 0 0 1530277353 359 1530277353 0 0 20
[2018-06-29 21:02:33]item add 大刀 100 13111021 3025 1 1 0 0 0 0 0 0 0 0 0 0 0 0 0 0 1530277353 363 1530277353 0 0 20
[2018-06-29 21:02:33]item add 大刀 100 23100004 3026 1 1 1 0 0 0 0 0 0 0 0 0 0 0 0 0 1530277353 366 1530277353 0 0 0
[2018-06-29 21:02:33]item add 大刀 100 13107051 3027 1 1 0 0 0 0 0 0 0 0 0 0 0 0 0 0 1530277353 367 1530277353 0 0 20
[2018-06-29 21:02:34]vcoin rem 大刀 110 2000 972812
[2018-06-29 21:02:34]item add 大刀 100 11108061 3028 1 1 0 0 0 0 0 0 0 0 0 0 0 0 0 0 1530277354 369 1530277354 0 0 20
[2018-06-29 21:02:34]item add 大刀 100 13109051 3029 1 1 0 0 0 0 0 0 0 0 0 0 0 0 0 0 1530277354 373 1530277354 0 0 20
[2018-06-29 21:02:34]item add 大刀 100 11107011 3030 1 1 0 0 0 0 0 0 0 0 0 0 0 0 0 0 1530277354 375 1530277354 0 0 20
[2018-06-29 21:02:34]vcoin rem 大刀 110 2000 970812
[2018-06-29 21:02:34]item add 大刀 100 11107081 3031 1 1 0 0 0 0 0 0 0 0 0 0 0 0 0 0 1530277354 379 1530277354 0 0 20
[2018-06-29 21:02:34]item add 大刀 100 12108021 3032 1 1 0 0 0 0 0 0 0 0 0 0 0 0 0 0 1530277354 387 1530277354 0 0 20
[2018-06-29 21:02:35]vcoin rem 大刀 110 2000 968812
[2018-06-29 21:02:35]item add 大刀 100 12107051 3033 1 1 0 0 0 0 0 0 0 0 0 0 0 0 0 0 1530277355 391 1530277355 0 0 20
[2018-06-29 21:02:35]item add 大刀 100 13107091 3034 1 1 0 0 0 0 0 0 0 0 0 0 0 0 0 0 1530277355 395 1530277355 0 0 20
[2018-06-29 21:02:35]vcoin rem 大刀 110 2000 966812
[2018-06-29 21:02:35]item add 大刀 100 11110011 3035 1 1 0 0 0 0 0 0 0 0 0 0 0 0 0 0 1530277355 403 1530277355 0 0 20
[2018-06-29 21:02:35]item add 大刀 100 12108011 3036 1 1 0 0 0 0 0 0 0 0 0 0 0 0 0 0 1530277355 405 1530277355 0 0 20
[2018-06-29 21:02:35]item add 大刀 100 11107061 3037 1 1 0 0 0 0 0 0 0 0 0 0 0 0 0 0 1530277355 407 1530277355 0 0 20
[2018-06-29 21:02:36]vcoin rem 大刀 110 2000 964812
[2018-06-29 21:02:36]item add 大刀 100 11107031 3038 1 1 0 0 0 0 0 0 0 0 0 0 0 0 0 0 1530277356 411 1530277356 0 0 20
[2018-06-29 21:02:36]item add 大刀 100 11107031 3039 1 1 0 0 0 0 0 0 0 0 0 0 0 0 0 0 1530277356 415 1530277356 0 0 20
[2018-06-29 21:02:36]vcoin rem 大刀 110 2000 962812
[2018-06-29 21:02:36]item add 大刀 100 13107021 3040 1 1 0 0 0 0 0 0 0 0 0 0 0 0 0 0 1530277356 419 1530277356 0 0 20
[2018-06-29 21:02:36]item add 大刀 100 12109031 3041 1 1 0 0 0 0 0 0 0 0 0 0 0 0 0 0 1530277356 423 1530277356 0 0 20
[2018-06-29 21:02:36]item add 大刀 100 11107051 3042 1 1 0 0 0 0 0 0 0 0 0 0 0 0 0 0 1530277356 427 1530277356 0 0 20
[2018-06-29 21:02:37]vcoin rem 大刀 110 2000 960812
[2018-06-29 21:02:37]item add 大刀 100 13113091 3043 1 1 0 0 0 0 0 0 0 0 0 0 0 0 0 0 1530277357 429 1530277357 0 0 20
[2018-06-29 21:02:37]item add 大刀 100 11106061 3044 1 1 0 0 0 0 0 0 0 0 0 0 0 0 0 0 1530277357 430 1530277357 0 0 20
[2018-06-29 21:02:37]item add 大刀 100 12107091 3045 1 1 0 0 0 0 0 0 0 0 0 0 0 0 0 0 1530277357 431 1530277357 0 0 20
[2018-06-29 21:02:37]item add 大刀 100 11107031 3046 1 1 0 0 0 0 0 0 0 0 0 0 0 0 0 0 1530277357 435 1530277357 0 0 20
[2018-06-29 21:02:38]vcoin rem 大刀 110 2000 958812
[2018-06-29 21:02:38]item add 大刀 100 13107081 3047 1 1 0 0 0 0 0 0 0 0 0 0 0 0 0 0 1530277358 439 1530277358 0 0 20
[2018-06-29 21:02:38]vcoin rem 大刀 110 2000 956812
[2018-06-29 21:02:38]item add 大刀 100 12107041 3048 1 1 0 0 0 0 0 0 0 0 0 0 0 0 0 0 1530277358 455 1530277358 0 0 20
[2018-06-29 21:03:03]item upd 大刀 178 12108011 15 1 1 0 2 0 0 0 0 0 0 0 0 0 0 0 0 1530277355 405 1530277355 0 0 20
[2018-06-29 21:03:03]itemupgrade 大刀 12108011 1530277355 405 1530277355 0 20 ==> 0 12108011 1530277355 405 1530277355 2
[2018-06-29 21:03:16]level change 大刀 88 90 tucheng 盟重 
[2018-06-29 21:03:36]item rem 大刀 167 12102081 35 1 1 1 0 0 0 0 0 0 0 0 0 0 0 0 0 1530276756 159 1530276756 0 0 20
[2018-06-29 21:03:36]item rem 大刀 167 12103071 32 1 1 1 0 0 0 0 0 0 0 0 0 0 0 0 0 1530276934 185 1530276934 0 0 20
[2018-06-29 21:03:36]item rem 大刀 167 12103021 34 1 1 1 0 0 0 0 0 0 0 0 0 0 0 0 0 1530276863 175 1530276863 0 0 20
[2018-06-29 21:03:36]item rem 大刀 167 12103031 33 1 1 1 0 0 0 0 0 0 0 0 0 0 0 0 0 1530276906 178 1530276906 0 0 20
[2018-06-29 21:03:36]item rem 大刀 167 12106021 26 1 1 0 0 0 0 0 0 0 0 0 0 0 0 0 0 1530277182 206 1530277182 0 0 20
[2018-06-29 21:03:36]item rem 大刀 167 13105081 31 1 1 0 0 0 0 0 0 0 0 0 0 0 0 0 0 1530277259 269 1530277259 0 0 20
[2018-06-29 21:03:36]item rem 大刀 167 11105081 28 1 1 0 0 0 0 0 0 0 0 0 0 0 0 0 0 1530277259 267 1530277259 0 0 20
[2018-06-29 21:03:36]item rem 大刀 167 11106071 25 1 1 0 0 0 0 0 0 0 0 0 0 0 0 0 0 1530277259 264 1530277259 0 0 20
[2018-06-29 21:03:36]item rem 大刀 167 12105021 29 1 1 1 0 0 0 0 0 0 0 0 0 0 0 0 0 1530277067 200 1530277067 0 0 20
[2018-06-29 21:03:36]item rem 大刀 167 12105011 30 1 1 1 0 0 0 0 0 0 0 0 0 0 0 0 0 1530277040 199 1530277040 0 0 20
[2018-06-29 21:03:36]item rem 大刀 167 13106071 27 1 1 0 0 0 0 0 0 0 0 0 0 0 0 0 0 1530277259 266 1530277259 0 0 20
[2018-06-29 21:03:36]item rem 大刀 167 11107041 20 1 1 0 0 0 0 0 0 0 0 0 0 0 0 0 0 1530277343 331 1530277343 0 0 20
[2018-06-29 21:03:36]item rem 大刀 167 12107011 24 1 1 0 0 0 0 0 0 0 0 0 0 0 0 0 0 1530277182 211 1530277182 0 0 20
[2018-06-29 21:03:36]item rem 大刀 167 11107041 21 1 1 0 0 0 0 0 0 0 0 0 0 0 0 0 0 1530277343 335 1530277343 0 0 20
[2018-06-29 21:03:36]item rem 大刀 167 11107031 22 1 1 0 0 0 0 0 0 0 0 0 0 0 0 0 0 1530277189 224 1530277189 0 0 20
[2018-06-29 21:03:36]item rem 大刀 167 11107031 23 1 1 0 0 0 0 0 0 0 0 0 0 0 0 0 0 1530277356 411 1530277356 0 0 20
[2018-06-29 21:03:36]item rem 大刀 167 11107051 19 1 1 0 0 0 0 0 0 0 0 0 0 0 0 0 0 1530277356 427 1530277356 0 0 20
[2018-06-29 21:03:36]item rem 大刀 167 11107061 17 1 1 0 0 0 0 0 0 0 0 0 0 0 0 0 0 1530277184 220 1530277184 0 0 20
[2018-06-29 21:03:36]item rem 大刀 167 11108081 9 1 1 0 0 0 0 0 0 0 0 0 0 0 0 0 0 1530277190 244 1530277190 0 0 20
[2018-06-29 21:03:36]item rem 大刀 167 11107061 18 1 1 0 0 0 0 0 0 0 0 0 0 0 0 0 0 1530277355 407 1530277355 0 0 20
[2018-06-29 21:03:36]item rem 大刀 167 11108091 8 1 1 0 0 0 0 0 0 0 0 0 0 0 0 0 0 1530277353 351 1530277353 0 0 20
[2018-06-29 21:03:36]item rem 大刀 167 13109051 7 1 1 0 0 0 0 0 0 0 0 0 0 0 0 0 0 1530277354 373 1530277354 0 0 20
[2018-06-29 21:03:36]item rem 大刀 167 11108031 11 1 1 0 0 0 0 0 0 0 0 0 0 0 0 0 0 1530277189 226 1530277189 0 0 20
[2018-06-29 21:03:36]item rem 大刀 167 11108061 10 1 1 0 0 0 0 0 0 0 0 0 0 0 0 0 0 1530277354 369 1530277354 0 0 20
[2018-06-29 21:03:36]item rem 大刀 167 13108061 13 1 1 0 0 0 0 0 0 0 0 0 0 0 0 0 0 1530277342 315 1530277342 0 0 20
[2018-06-29 21:03:36]item rem 大刀 167 11107081 16 1 1 0 0 0 0 0 0 0 0 0 0 0 0 0 0 1530277354 379 1530277354 0 0 20
[2018-06-29 21:03:36]item rem 大刀 167 12108021 12 1 1 0 0 0 0 0 0 0 0 0 0 0 0 0 0 1530277354 387 1530277354 0 0 20
[2018-06-29 21:03:36]item rem 大刀 167 11107081 15 1 1 0 0 0 0 0 0 0 0 0 0 0 0 0 0 1530277341 299 1530277341 0 0 20
[2018-06-29 21:03:36]item rem 大刀 167 11107091 14 1 1 0 0 0 0 0 0 0 0 0 0 0 0 0 0 1530277190 252 1530277190 0 0 20
[2018-06-29 21:03:36]item rem 大刀 167 11110091 4 1 1 0 0 0 0 0 0 0 0 0 0 0 0 0 0 1530277343 323 1530277343 0 0 20
[2018-06-29 21:03:36]item rem 大刀 167 11110011 6 1 1 0 0 0 0 0 0 0 0 0 0 0 0 0 0 1530277355 403 1530277355 0 0 20
[2018-06-29 21:03:36]item rem 大刀 167 11110021 5 1 1 0 0 0 0 0 0 0 0 0 0 0 0 0 0 1530277182 207 1530277182 0 0 20
[2018-06-29 21:03:36]item rem 大刀 167 13111021 3 1 1 0 0 0 0 0 0 0 0 0 0 0 0 0 0 1530277353 363 1530277353 0 0 20
[2018-06-29 21:03:36]level change 大刀 90 91 tucheng 盟重 
[2018-06-29 21:03:39]item rem 大刀 167 14110001 -22 1 1 1 0 0 0 0 0 0 0 0 0 0 0 0 0 1530082808 122 1530082808 0 0 20
[2018-06-29 21:03:39]item add 大刀 100 14110002 -22 1 1 1 0 0 0 0 0 0 0 0 0 0 0 0 0 1530277419 459 1530277419 0 0 20
[2018-06-29 21:03:40]item rem 大刀 167 14110002 -22 1 1 1 0 0 0 0 0 0 0 0 0 0 0 0 0 1530277419 459 1530277419 0 0 20
[2018-06-29 21:03:40]item add 大刀 100 14110003 -22 1 1 1 0 0 0 0 0 0 0 0 0 0 0 0 0 1530277420 460 1530277420 0 0 20
[2018-06-29 21:03:40]item rem 大刀 167 14110003 -22 1 1 1 0 0 0 0 0 0 0 0 0 0 0 0 0 1530277420 460 1530277420 0 0 20
[2018-06-29 21:03:40]item add 大刀 100 14110004 -22 1 1 1 0 0 0 0 0 0 0 0 0 0 0 0 0 1530277420 461 1530277420 0 0 20
[2018-06-29 21:03:40]item rem 大刀 167 14110004 -22 1 1 1 0 0 0 0 0 0 0 0 0 0 0 0 0 1530277420 461 1530277420 0 0 20
[2018-06-29 21:03:40]item add 大刀 100 14110005 -22 1 1 1 0 0 0 0 0 0 0 0 0 0 0 0 0 1530277420 462 1530277420 0 0 20
[2018-06-29 21:03:46]item num 大刀 115 23100004 3021 1 1 1 0 0 0 0 0 0 0 0 0 0 0 0 0 1530277182 203 1530277182 0 0 0
[2018-06-29 21:03:46]item num 大刀 115 23100004 3022 1 1 1 0 0 0 0 0 0 0 0 0 0 0 0 0 1530277353 366 1530277353 0 0 0
[2018-06-29 21:04:03]item rem 大刀 167 12103041 23 1 1 1 0 0 0 0 0 0 0 0 0 0 0 0 0 1530276766 160 1530276766 0 0 20
[2018-06-29 21:04:03]item rem 大刀 167 12103051 21 1 1 1 0 0 0 0 0 0 0 0 0 0 0 0 0 1530276865 176 1530276865 0 0 20
[2018-06-29 21:04:03]item rem 大刀 167 12103051 22 1 1 1 0 0 0 0 0 0 0 0 0 0 0 0 0 1530276963 192 1530276963 0 0 20
[2018-06-29 21:04:03]item rem 大刀 167 13106071 19 1 1 0 0 0 0 0 0 0 0 0 0 0 0 0 0 1530277342 318 1530277342 0 0 20
[2018-06-29 21:04:03]item rem 大刀 167 11106091 15 1 1 0 0 0 0 0 0 0 0 0 0 0 0 0 0 1530277342 313 1530277342 0 0 20
[2018-06-29 21:04:03]item rem 大刀 167 13106041 20 1 1 0 0 0 0 0 0 0 0 0 0 0 0 0 0 1530277343 338 1530277343 0 0 20
[2018-06-29 21:04:03]item rem 大刀 167 11106061 16 1 1 0 0 0 0 0 0 0 0 0 0 0 0 0 0 1530277353 358 1530277353 0 0 20
[2018-06-29 21:04:03]item rem 大刀 167 11106011 18 1 1 0 0 0 0 0 0 0 0 0 0 0 0 0 0 1530277189 241 1530277189 0 0 20
[2018-06-29 21:04:03]item rem 大刀 167 11106061 17 1 1 0 0 0 0 0 0 0 0 0 0 0 0 0 0 1530277357 430 1530277357 0 0 20
[2018-06-29 21:04:03]item rem 大刀 167 13107011 14 1 1 0 0 0 0 0 0 0 0 0 0 0 0 0 0 1530277341 307 1530277341 0 0 20
[2018-06-29 21:04:03]item rem 大刀 167 13107021 13 1 1 0 0 0 0 0 0 0 0 0 0 0 0 0 0 1530277356 419 1530277356 0 0 20
[2018-06-29 21:04:03]item rem 大刀 167 13107051 11 1 1 0 0 0 0 0 0 0 0 0 0 0 0 0 0 1530277341 303 1530277341 0 0 20
[2018-06-29 21:04:03]item rem 大刀 167 11107011 6 1 1 0 0 0 0 0 0 0 0 0 0 0 0 0 0 1530277354 375 1530277354 0 0 20
[2018-06-29 21:04:03]item rem 大刀 167 11107021 5 1 1 0 0 0 0 0 0 0 0 0 0 0 0 0 0 1530277352 343 1530277352 0 0 20
[2018-06-29 21:04:03]item rem 大刀 167 11107031 4 1 1 0 0 0 0 0 0 0 0 0 0 0 0 0 0 1530277357 435 1530277357 0 0 20
[2018-06-29 21:04:03]item rem 大刀 167 13107051 12 1 1 0 0 0 0 0 0 0 0 0 0 0 0 0 0 1530277353 367 1530277353 0 0 20
[2018-06-29 21:04:03]item rem 大刀 167 12107091 7 1 1 0 0 0 0 0 0 0 0 0 0 0 0 0 0 1530277357 431 1530277357 0 0 20
[2018-06-29 21:04:03]item rem 大刀 167 13107081 9 1 1 0 0 0 0 0 0 0 0 0 0 0 0 0 0 1530277358 439 1530277358 0 0 20
[2018-06-29 21:04:03]item rem 大刀 167 13107091 8 1 1 0 0 0 0 0 0 0 0 0 0 0 0 0 0 1530277355 395 1530277355 0 0 20
[2018-06-29 21:04:03]item rem 大刀 167 13107071 10 1 1 0 0 0 0 0 0 0 0 0 0 0 0 0 0 1530277189 232 1530277189 0 0 20
[2018-06-29 21:04:03]item rem 大刀 167 11107031 3 1 1 0 0 0 0 0 0 0 0 0 0 0 0 0 0 1530277356 415 1530277356 0 0 20
[2018-06-29 21:04:09]item rem 大刀 167 14110005 -22 1 1 1 0 0 0 0 0 0 0 0 0 0 0 0 0 1530277420 462 1530277420 0 0 20
[2018-06-29 21:04:09]item add 大刀 100 14110006 -22 1 1 1 0 0 0 0 0 0 0 0 0 0 0 0 0 1530277449 463 1530277449 0 0 20
[2018-06-29 21:04:16]vcoinbind rem 大刀 110 500 2500
